4
6
13
21
28
32
39
42
66
71
127
131
132
133
149
158
180
188
191
191
209
211
213
218
222
224
246
250
254
267
269
286
324
325
329
334
334
341
346
347
351
377
379
396
402
407
410
422
456
466
469
470
471
472
475
480
487
488
501
503
511
515
522
527
531
534
540
544
550
559
589
590
597
601
608
618
618
624
648
652
666
681
723
746
770
820
832
848
864
888
891
891
894
898
905
950
981
1017
1025
1033
1037
1056
1065
1070
1070
1080
1083
1085
1118
1123
1124
1130
1135
1168
1172
1182
1183
1195
1211
1217
1219
1237
1241
1266
1268
1273
1274
1278
1282
1288
1297
1310
1313
1334
1337
1349
1359
1362
1386
1430
1459
1462
1467
1490
1495
1497
1500
1502
1509
1518
1534
1538
1547
1558
1583
1593
1610
1620
1622
1624
1639
1648
1660
1676
1684
1684
1696
1703
1744
1765
1768
1771
1800
1805
1810
1812
1838
1839
1841
1841
1858
1864
1879
1881
1882
1901
1923
1929
1937
1940
1942
1971
1976
2005
2023
2024
2025
2051
2062
2088
2096
2097
2115
2117
2118
2127
2138
2159
2178
2181
2182
2189
2191
2201
2203
2213
2228
2233
2233
2250
2257
2257
2280
2290
2296
2312
2314
2322
2331
2359
2365
2376
2377
2387
2401
2407
2420
2428
2433
2441
2476
2490
2498
2505
2506
2507
2510
2520
2531
2535
2544
2554
2558
2570
2591
2606
2610
2612
2618
2620
2623
2632
2657
2660
2663
2669
2684
2685
2697
2698
2701
2729
2735
2766
2777
2783
2786
2809
2812
2819
2822
2836
2862
2865
2883
2892
2904
2905
2910
2912
2920
2923
2946
2949
2953
2966
2975
2980
3001
3006
3010
3023
3040
3057
3059
3066
3068
3073
3080
3092
3097
3111
3113
3113
3117
3143
3149
3151
3155
3162
3186
3245
3246
3250
3260
3264
3277
3279
3281
3311
3321
3325
3337
3339
3341
3348
3357
3367
3371
3393
3422
3432
3438
3441
3447
3456
3465
3474
3477
3516
3523
3528
3531
3531
3544
3554
3575
3575
3585
3599
3611
3630
3642
3654
3655
3665
3668
3701
3702
3742
3744
3752
3757
3783
3799
3804
3846
3850
3852
3859
3862
3879
3882
3883
3894
3894
3915
3932
3933
3935
3937
3969
3977
4009
4021
4028
4039
4053
4053
4059
4060
4063
4065
4070
4074
4080
4082
4085
4100
4103
4105
4107
4120
4120
4126
4126
4127
4142
4208
4213
4218
4253
4263
4277
4279
4305
4310
4312
4334
4346
4359
4367
4373
4385
4399
4403
4404
4425
4437
4441
4470
4482
4500
4505
4506
4532
4537
4543
4549
4555
4577
4578
4594
4596
4604
4641
4663
4667
4668
4674
4706
4732
4766
4778
4797
4804
4847
4880
4882
4891
4892
4900
4911
4923
4931
4939
4942
4942
4948
4972
4989
5008
5008
5016
5031
5039
5048
5052
5057
5063
5066
5075
5091
5097
5102
5121
5149
5167
5169
5176
5190
5213
5217
5223
5225
5225
5245
5252
5265
5265
5271
5285
5287
5288
5289
5291
5306
5306
5308
5324
5328
5329
5338
5352
5363
5367
5374
5378
5395
5400
5404
5415
5423
5429
5435
5452
5474
5500
5508
5520
5541
5544
5565
5580
5582
5587
5597
5601
5604
5612
5632
5636
5648
5666
5680
5701
5702
5714
5725
5760
5781
5789
5791
5800
5800
5816
5833
5848
5872
5899
5909
5929
5934
5938
5939
5940
5947
5963
5968
5968
5993
6008
6035
6054
6061
6062
6094
6095
6103
6103
6107
6108
6131
6157
6172
6175
6196
6200
6217
6218
6238
6238
6253
6273
6306
6319
6358
6396
6401
6449
6450
6456
6466
6466
6468
6474
6496
6512
6517
6541
6547
6550
6564
6578
6579
6599
6608
6615
6627
6627
6642
6658
6700
6703
6705
6719
6728
6756
6756
6765
6769
6791
6813
6814
6817
6825
6838
6847
6848
6848
6872
6892
6897
6901
6909
6914
6919
6931
6932
6932
6935
6938
6941
6948
6953
6965
6973
6982
6990
7023
7024
7030
7050
7054
7072
7081
7104
7116
7129
7130
7151
7169
7190
7199
7200
7216
7220
7230
7231
7245
7284
7288
7296
7297
7297
7304
7312
7328
7329
7334
7350
7359
7365
7372
7384
7406
7414
7426
7433
7453
7454
7479
7490
7498
7504
7514
7516
7528
7537
7549
7598
7611
7612
7650
7661
7670
7675
7687
7688
7689
7699
7715
7723
7730
7734
7736
7742
7745
7753
7755
7806
7812
7823
7831
7839
7846
7863
7867
7876
7880
7882
7883
7886
7887
7891
7908
7913
7927
7957
7962
7964
7968
7975
7979
7982
7984
7986
7990
7998
7999
8016
8050
8055
8066
8067
8084
8105
8187
8187
8188
8193
8199
8204
8206
8229
8233
8246
8255
8267
8268
8275
8295
8296
8303
8304
8304
8309
8309
8311
8325
8326
8334
8365
8371
8372
8386
8389
8390
8408
8414
8415
8419
8428
8448
8456
8466
8475
8477
8483
8499
8505
8508
8521
8523
8537
8540
8563
8568
8599
8613
8614
8644
8663
8713
8718
8719
8720
8725
8748
8751
8753
8759
8763
8764
8771
8773
8786
8802
8826
8834
8838
8846
8851
8857
8860
8861
8862
8863
8887
8890
8899
8899
8932
8947
8959
8974
8984
9001
9002
9007
9012
9016
9023
9026
9027
9051
9058
9059
9060
9070
9120
9121
9145
9147
9148
9151
9160
9193
9199
9213
9239
9246
9248
9263
9281
9283
9295
9315
9315
9317
9322
9352
9363
9367
9376
9381
9383
9384
9386
9389
9402
9410
9418
9435
9438
9452
9453
9456
9470
9478
9486
9493
9523
9530
9535
9542
9542
9543
9555
9559
9575
9581
9583
9596
9604
9611
9642
9650
9653
9655
9664
9673
9684
9694
9696
9697
9700
9729
9730
9735
9744
9747
9747
9759
9765
9766
9787
9801
9801
9810
9825
9827
9833
9863
9863
9873
9876
9876
9899
9901
9910
9915
9921
9943
9962
9971
9973
9984
9987
9994
9995
10004
10019
10039
10042
10043
10046
10049
10053
10054
10061
10074
10083
10091
10098
10108
10116
10120
10129
10129
10172
10185
10190
10196
10198
10202
10212
10220
10233
10236
10250
10254
10262
10274
10275
10277
10297
10335
10339
10341
10350
10354
10355
10389
10410
10413
10416
10429
10430
10437
10457
10467
10508
10513
10513
10513
10543
10547
10552
10563
10570
10608
10620
10621
10642
10645
10701
10702
10705
10727
10755
10756
10758
10788
10790
10803
10804
10822
10844
10846
10857
10861
10862
10862
10869
10879
10891
10910
10919
10923
10929
10936
10937
10950
10958
10961
10969
10970
10980
10992
10995
10998
11006
11024
11039
11048
11049
11078
11083
11083
11093
11106
11117
11125
11129
11133
11134
11137
11140
11165
11176
11195
11208
11208
11210
11212
11213
11233
11235
11240
11244
11257
11267
11297
11322
11330
11348
11355
11361
11376
11377
11384
11384
11387
11392
11396
11400
11411
11415
11426
11437
11441
11447
11456
11462
11467
11468
11475
11489
11498
11512
11519
11524
11538
11542
11548
11572
11576
11578
11589
11595
11603
11612
11616
11639
11647
11660
11663
11677
11693
11701
11708
11715
11717
11725
11742
11763
11765
11774
11786
11788
11799
11806
11808
11818
11823
11829
11829
11837
11866
11875
11886
11890
11892
11901
11904
11906
11916
11933
11937
11939
11953
11971
11973
11978
11993
12004
12017
12040
12068
12093
12098
12104
12113
12119
12122
12129
12161
12168
12170
12196
12215
12234
12236
12245
12251
12261
12273
12278
12279
12281
12289
12290
12296
12298
12300
12308
12316
12345
12346
12380
12412
12430
12434
12451
12457
12457
12466
12496
12500
12501
12520
12526
12536
12538
12551
12551
12565
12573
12586
12587
12591
12610
12627
12643
12646
12663
12674
12681
12687
12703
12704
12705
12707
12707
12714
12714
12717
12733
12741
12762
12777
12778
12782
12784
12812
12829
12854
12874
12879
12883
12891
12896
12899
12901
12910
12924
12926
12933
12941
12946
12948
12957
12970
12985
12998
13002
13007
13051
13051
13053
13056
13059
13064
13074
13080
13089
13110
13137
13154
13171
13176
13177
13181
13183
13197
13202
13214
13237
13241
13245
13250
13280
13285
13298
13307
13313
13362
13379
13396
13400
13401
13402
13411
13411
13429
13432
13433
13446
13482
13483
13529
13546
13559
13565
13586
13587
13602
13605
13625
13660
13668
13676
13676
13676
13703
13704
13726
13737
13756
13761
13761
13773
13802
13820
13841
13846
13860
13864
13866
13895
13906
13921
13938
13940
13950
13957
13961
13968
13974
13976
13989
13998
14005
14019
14053
14078
14089
14090
14098
14105
14111
14113
14132
14145
14209
14221
14225
14236
14253
14265
14282
14334
14336
14359
14360
14362
14368
14373
14375
14383
14397
14401
14409
14417
14419
14425
14432
14445
14445
14450
14475
14486
14492
14498
14503
14508
14527
14538
14543
14550
14588
14590
14591
14596
14605
14610
14625
14631
14637
14657
14681
14682
14721
14734
14734
14746
14753
14760
14765
14784
14787
14803
14804
14807
14832
14866
14872
14882
14900
14903
14915
14917
14919
14940
14941
14958
14963
14998
15024
15027
15043
15044
15048
15065
15073
15074
15079
15083
15100
15106
15117
15118
15118
15129
15155
15170
15173
15179
15196
15198
15203
15232
15238
15239
15239
15245
15259
15263
15265
15270
15272
15295
15320
15321
15328
15334
15340
15340
15342
15352
15359
15359
15376
15380
15381
15391
15396
15439
15442
15446
15468
15471
15485
15489
15496
15519
15538
15546
15564
15577
15588
15619
15639
15649
15655
15656
15673
15673
15714
15721
15753
15772
15774
15779
15789
15800
15801
15811
15824
15830
15849
15849
15850
15853
15855
15859
15916
15917
15924
15937
15939
15940
15940
15946
15949
15968
15978
16016
16029
16040
16044
16053
16059
16069
16091
16112
16112
16115
16140
16165
16196
16198
16213
16214
16218
16235
16235
16236
16248
16252
16266
16295
16305
16316
16316
16319
16327
16356
16358
16365
16374
16380
16407
16422
16430
16432
16435
16450
16470
16476
16481
16487
16487
16487
16496
16507
16530
16544
16554
16573
16577
16582
16590
16613
16616
16616
16619
16624
16660
16669
16673
16677
16680
16689
16697
16709
16716
16725
16736
16739
16745
16750
16765
16765
16781
16801
16802
16810
16813
16817
16825
16839
16839
16843
16846
16851
16855
16855
16857
16866
16894
16908
16909
16910
16924
16938
16939
16939
16940
16950
16972
16974
16983
16985
16986
16990
16994
16995
17016
17017
17023
17043
17046
17047
17053
17133
17139
17144
17159
17163
17193
17205
17207
17210
17223
17224
17228
17231
17232
17232
17259
17284
17312
17337
17337
17345
17347
17351
17373
17374
17377
17385
17386
17392
17405
17413
17418
17429
17434
17444
17465
17471
17474
17475
17486
17490
17517
17537
17541
17552
17553
17570
17607
17608
17611
17611
17639
17663
17664
17678
17726
17734
17754
17772
17794
17802
17802
17806
17825
17832
17834
17845
17862
17863
17873
17892
17899
17908
17925
17925
17968
18005
18011
18017
18025
18026
18027
18054
18076
18086
18090
18115
18116
18121
18123
18125
18143
18158
18179
18185
18192
18198
18207
18208
18227
18229
18233
18236
18239
18240
18253
18259
18295
18347
18351
18365
18370
18373
18406
18421
18471
18495
18514
18536
18550
18565
18572
18601
18602
18603
18612
18619
18621
18629
18638
18649
18663
18683
18690
18696
18709
18718
18729
18731
18741
18765
18782
18812
18814
18820
18824
18825
18829
18834
18838
18845
18845
18848
18854
18854
18861
18876
18880
18885
18886
18892
18894
18898
18908
18917
18918
18918
18919
18920
18931
18936
18948
18958
18964
18974
18975
18980
19020
19027
19031
19042
19046
19059
19064
19084
19087
19141
19143
19147
19152
19163
19201
19207
19216
19219
19221
19255
19270
19274
19278
19288
19290
19313
19317
19329
19353
19353
19354
19360
19361
19384
19408
19424
19458
19458
19459
19496
19523
19541
19542
19546
19553
19559
19561
19569
19572
19574
19575
19575
19581
19583
19584
19610
19611
19612
19631
19634
19635
19638
19645
19684
19691
19718
19723
19732
19736
19753
19806
19812
19825
19836
19846
19853
19862
19869
19874
19885
19889
19890
19891
19893
19898
19914
19924
19940
19952
19957
19967
19977
19987
19989
20000
20000
20018
20029
20036
20044
20045
20047
20049
20053
20054
20058
20065
20074
20075
20082
20107
20112
20133
20149
20152
20152
20154
20162
20163
20169
20175
20182
20194
20204
20206
20231
20272
20272
20299
20306
20313
20318
20320
20321
20360
20372
20379
20383
20398
20398
20417
20418
20433
20441
20450
20455
20455
20455
20473
20482
20506
20520
20529
20530
20535
20536
20542
20542
20543
20553
20588
20592
20593
20611
20613
20622
20624
20631
20638
20638
20648
20671
20682
20693
20704
20707
20716
20730
20743
20746
20755
20759
20776
20809
20810
20811
20826
20833
20850
20858
20861
20864
20872
20894
20910
20911
20923
20929
20944
20949
20951
20962
20967
20975
20994
20995
21014
21018
21028
21029
21042
21042
21045
21051
21056
21082
21092
21106
21109
21118
21135
21145
21156
21156
21160
21161
21202
21206
21206
21209
21209
21245
21257
21268
21305
21316
21321
21350
21361
21369
21373
21381
21383
21385
21389
21391
21397
21408
21409
21413
21417
21429
21431
21452
21469
21471
21473
21481
21511
21513
21522
21525
21530
21530
21537
21538
21548
21552
21559
21582
21602
21604
21611
21615
21622
21626
21629
21641
21647
21649
21657
21671
21686
21695
21706
21708
21708
21716
21723
21730
21733
21735
21736
21758
21764
21789
21808
21824
21844
21851
21868
21899
21911
21914
21924
21925
21928
21929
21933
21941
21943
21946
21947
21950
21951
21963
21967
21979
21984
21985
21987
21988
21996
22012
22043
22057
22057
22073
22074
22074
22090
22092
22109
22114
22120
22121
22139
22156
22163
22196
22208
22221
22224
22265
22288
22289
22294
22315
22326
22346
22349
22353
22358
22359
22380
22381
22406
22413
22415
22420
22429
22437
22437
22455
22459
22496
22497
22501
22526
22559
22573
22579
22580
22585
22597
22598
22604
22604
22606
22608
22615
22616
22645
22645
22654
22654
22660
22665
22668
22686
22699
22723
22724
22743
22769
22770
22776
22778
22778
22780
22813
22820
22821
22823
22823
22827
22830
22833
22833
22858
22864
22866
22868
22880
22898
22899
22915
22918
22918
22929
22942
22947
22948
22958
22964
22974
22983
22999
23011
23015
23023
23037
23041
23092
23098
23105
23107
23109
23115
23135
23137
23138
23139
23141
23149
23154
23157
23178
23179
23197
23198
23198
23199
23225
23238
23239
23244
23245
23246
23247
23262
23264
23266
23277
23286
23298
23301
23301
23304
23308
23320
23327
23329
23348
23355
23363
23367
23369
23376
23377
23379
23380
23387
23388
23389
23390
23411
23423
23436
23456
23462
23469
23472
23479
23487
23494
23510
23518
23531
23535
23556
23559
23565
23575
23596
23596
23611
23635
23635
23638
23642
23647
23661
23678
23683
23687
23692
23710
23713
23719
23735
23747
23749
23750
23757
23760
23772
23783
23808
23817
23818
23820
23846
23851
23857
23859
23860
23876
23888
23888
23892
23893
23894
23898
23907
23908
23914
23917
23921
23923
23958
23959
23988
23988
24002
24010
24014
24019
24021
24023
24028
24031
24049
24058
24068
24094
24099
24101
24114
24118
24124
24125
24156
24158
24166
24169
24181
24185
24186
24200
24209
24225
24225
24266
24272
24278
24289
24289
24298
24299
24307
24340
24357
24368
24371
24384
24386
24394
24399
24404
24409
24423
24426
24453
24455
24455
24457
24458
24458
24466
24470
24484
24488
24490
24508
24535
24572
24581
24584
24586
24590
24596
24597
24626
24637
24639
24649
24659
24663
24678
24690
24691
24698
24705
24718
24739
24753
24756
24759
24773
24779
24782
24792
24813
24827
24844
24876
24882
24905
24964
24965
24987
25000
25002
25015
25036
25049
25057
25065
25068
25070
25092
25101
25107
25114
25115
25122
25160
25162
25180
25184
25195
25197
25199
25202
25207
25214
25240
25240
25246
25272
25286
25294
25298
25341
25342
25366
25413
25421
25428
25436
25444
25456
25459
25463
25466
25496
25497
25507
25510
25512
25512
25520
25530
25530
25537
25543
25544
25584
25588
25618
25624
25671
25672
25675
25714
25720
25721
25735
25745
25802
25809
25810
25830
25835
25852
25854
25854
25858
25862
25865
25869
25870
25874
25896
25905
25914
25919
25920
25921
25928
25931
25968
25970
25983
25986
25991
25994
25999
26002
26012
26013
26043
26043
26049
26055
26067
26068
26069
26069
26080
26115
26116
26123
26133
26159
26162
26166
26176
26177
26190
26198
26201
26209
26223
26288
26292
26302
26304
26310
26315
26345
26348
26359
26367
26370
26375
26383
26388
26400
26402
26410
26411
26418
26421
26429
26431
26436
26438
26445
26450
26487
26488
26490
26504
26517
26519
26547
26549
26578
26583
26585
26592
26597
26606
26609
26632
26642
26651
26660
26684
26731
26745
26747
26751
26757
26766
26781
26786
26790
26803
26818
26819
26823
26825
26836
26845
26865
26874
26901
26912
26923
26930
26942
26945
26948
26966
26967
26990
26999
27001
27004
27034
27048
27077
27078
27098
27134
27135
27151
27153
27155
27158
27171
27172
27180
27188
27196
27200
27206
27216
27221
27225
27238
27241
27251
27254
27257
27259
27263
27278
27279
27286
27293
27295
27321
27330
27332
27362
27371
27371
27374
27380
27382
27398
27400
27405
27413
27419
27460
27464
27466
27479
27480
27486
27495
27509
27510
27518
27537
27548
27549
27550
27562
27563
27575
27586
27587
27594
27613
27618
27628
27634
27649
27654
27660
27706
27707
27763
27767
27787
27798
27808
27826
27832
27852
27853
27854
27862
27869
27897
27899
27901
27926
27947
27955
27961
27961
27972
27994
28007
28021
28029
28043
28046
28046
28047
28057
28067
28076
28079
28093
28110
28112
28115
28120
28139
28146
28152
28155
28164
28169
28177
28178
28179
28214
28217
28220
28248
28268
28271
28274
28285
28290
28296
28313
28319
28351
28352
28359
28367
28389
28391
28404
28422
28458
28463
28501
28503
28516
28525
28529
28544
28568
28570
28576
28579
28602
28604
28605
28612
28637
28659
28662
28666
28692
28697
28701
28704
28710
28714
28739
28748
28761
28774
28811
28829
28831
28845
28852
28857
28868
28873
28876
28877
28881
28882
28882
28887
28896
28910
28918
28931
28938
28995
29004
29007
29012
29026
29032
29043
29044
29045
29048
29071
29082
29085
29086
29087
29096
29117
29118
29126
29141
29143
29170
29175
29179
29187
29193
29204
29222
29227
29240
29249
29250
29251
29271
29278
29302
29303
29303
29308
29317
29322
29323
29343
29361
29395
29400
29411
29413
29421
29437
29440
29449
29453
29460
29463
29471
29478
29493
29498
29518
29521
29530
29532
29542
29543
29555
29557
29583
29603
29615
29619
29639
29642
29674
29677
29684
29703
29715
29726
29731
29739
29740
29745
29747
29752
29754
29789
29816
29817
29828
29833
29856
29901
29933
29938
29946
29951
29960
29963
29964
29969
29979
29993
30016
30022
30027
30038
30043
30045
30052
30069
30070
30080
30086
30094
30104
30109
30120
30143
30163
30165
30169
30170
30175
30178
30178
30185
30229
30233
30244
30261
30272
30275
30286
30289
30300
30302
30304
30314
30320
30323
30337
30340
30363
30365
30375
30406
30420
30441
30463
30469
30474
30476
30481
30503
30542
30550
30565
30574
30582
30585
30588
30590
30598
30601
30609
30610
30618
30624
30627
30631
30633
30638
30663
30681
30684
30692
30700
30706
30707
30707
30720
30724
30735
30737
30748
30755
30781
30784
30786
30793
30821
30827
30835
30835
30878
30906
30909
30913
30927
30930
30934
30938
30939
30943
30950
30952
30959
30961
30965
30966
30969
30992
30995
31006
31009
31019
31025
31040
31063
31086
31114
31120
31132
31134
31148
31182
31189
31189
31189
31192
31200
31203
31204
31218
31224
31232
31235
31255
31260
31264
31277
31282
31292
31297
31297
31309
31311
31315
31380
31390
31406
31412
31422
31440
31453
31469
31470
31480
31489
31494
31495
31497
31504
31505
31510
31536
31537
31537
31546
31557
31561
31572
31579
31588
31589
31593
31608
31615
31620
31629
31643
31653
31654
31678
31694
31697
31710
31730
31770
31771
31772
31793
31800
31803
31805
31808
31815
31829
31832
31834
31841
31846
31846
31861
31865
31874
31892
31903
31908
31917
31931
31932
31943
31957
31966
31968
31978
31989
31995
31999
32009
32025
32037
32040
32045
32047
32065
32090
32110
32113
32115
32115
32135
32145
32147
32151
32155
32196
32229
32230
32231
32245
32258
32259
32262
32284
32286
32314
32318
32333
32341
32381
32384
32389
32389
32416
32424
32431
32438
32438
32441
32445
32450
32456
32474
32477
32485
32500
32511
32545
32550
32569
32575
32576
32581
32598
32605
32620
32626
32628
32630
32637
32640
32641
32675
32688
32693
32698
32717
32754
32755
32758
32760
32770
32779
32782
32798
32819
32836
32850
32850
32878
32886
32902
32904
32912
32922
32930
32934
32949
32970
32975
32980
32981
32989
32998
33002
33002
33009
33048
33059
33077
33081
33083
33084
33108
33136
33140
33165
33176
33196
33196
33202
33214
33218
33239
33267
33273
33275
33282
33299
33300
33302
33303
33313
33362
33382
33384
33396
33399
33403
33404
33422
33432
33446
33447
33478
33487
33519
33521
33564
33573
33592
33599
33607
33609
33634
33651
33665
33666
33671
33671
33678
33688
33688
33690
33692
33693
33697
33718
33729
33729
33730
33732
33740
33743
33743
33756
33782
33788
33803
33807
33812
33823
33835
33837
33850
33865
33885
33887
33893
33897
33901
33932
33938
33964
33983
33985
33988
33996
34017
34036
34037
34038
34050
34066
34068
34071
34072
34072
34081
34096
34113
34116
34125
34133
34140
34164
34170
34176
34197
34205
34217
34220
34227
34236
34257
34270
34290
34292
34300
34320
34331
34345
34352
34360
34369
34380
34390
34399
34405
34406
34409
34432
34446
34460
34463
34470
34470
34478
34483
34487
34489
34492
34493
34504
34509
34515
34542
34544
34549
34561
34563
34572
34576
34579
34583
34596
34599
34623
34655
34657
34657
34664
34672
34697
34704
34776
34791
34793
34805
34828
34851
34875
34883
34916
34918
34923
34938
34942
34947
34953
34980
34984
35007
35010
35013
35023
35039
35057
35080
35087
35089
35127
35142
35146
35168
35171
35177
35185
35189
35193
35211
35227
35235
35254
35261
35266
35276
35282
35287
35288
35292
35334
35350
35355
35386
35411
35412
35422
35423
35431
35432
35434
35444
35457
35459
35477
35489
35496
35504
35508
35509
35515
35547
35575
35590
35611
35616
35621
35636
35642
35643
35650
35651
35667
35689
35707
35712
35713
35715
35721
35728
35732
35741
35743
35744
35755
35774
35812
35816
35832
35838
35845
35883
35887
35906
35920
35927
35943
35945
35976
35976
35994
36001
36009
36015
36026
36028
36048
36053
36071
36073
36077
36089
36097
36109
36138
36145
36178
36184
36184
36191
36199
36204
36233
36238
36247
36254
36257
36259
36262
36285
36288
36291
36293
36298
36307
36310
36329
36333
36346
36346
36349
36361
36362
36362
36373
36382
36383
36393
36439
36447
36447
36459
36473
36496
36497
36497
36498
36498
36513
36522
36524
36526
36548
36553
36557
36560
36564
36579
36587
36596
36609
36612
36617
36623
36625
36631
36637
36643
36668
36680
36689
36701
36703
36703
36711
36720
36723
36737
36740
36748
36752
36759
36766
36768
36776
36777
36779
36789
36793
36794
36798
36801
36830
36841
36843
36844
36846
36852
36865
36874
36881
36906
36908
36933
36941
36941
36951
36962
37029
37032
37091
37114
37117
37118
37122
37139
37194
37214
37226
37233
37248
37251
37280
37305
37322
37328
37330
37360
37363
37374
37374
37399
37415
37418
37448
37453
37486
37505
37552
37559
37571
37577
37579
37593
37599
37601
37638
37643
37648
37653
37662
37664
37670
37685
37699
37717
37724
37737
37741
37751
37760
37770
37771
37774
37802
37831
37836
37843
37848
37851
37858
37869
37898
37904
37919
37925
37933
37949
37956
37974
37983
37994
37995
38000
38006
38018
38032
38053
38065
38075
38077
38084
38084
38117
38124
38131
38142
38147
38162
38180
38186
38193
38200
38201
38202
38210
38220
38223
38226
38227
38233
38240
38246
38257
38283
38290
38296
38307
38316
38335
38338
38340
38344
38345
38367
38368
38391
38394
38407
38423
38437
38448
38448
38456
38460
38465
38472
38479
38491
38514
38518
38522
38523
38525
38530
38536
38542
38548
38557
38558
38585
38599
38620
38634
38653
38662
38685
38701
38708
38729
38731
38743
38746
38758
38760
38761
38768
38786
38803
38827
38828
38840
38844
38861
38862
38870
38879
38891
38910
38919
38932
38961
38977
38985
39015
39029
39034
39048
39050
39093
39096
39097
39107
39113
39115
39116
39121
39140
39151
39169
39171
39208
39213
39238
39246
39247
39253
39263
39293
39302
39303
39313
39320
39321
39326
39358
39359
39396
39396
39404
39433
39437
39447
39455
39476
39497
39504
39523
39529
39530
39552
39557
39564
39576
39582
39592
39598
39601
39602
39602
39615
39618
39631
39641
39643
39658
39667
39667
39675
39676
39677
39686
39688
39690
39700
39709
39715
39720
39745
39761
39767
39797
39810
39814
39839
39840
39861
39861
39877
39879
39895
39910
39924
39930
39952
39954
39959
39960
39977
39986
39991
39994
39998
40024
40028
40040
40042
40052
40059
40062
40079
40080
40093
40096
40111
40119
40129
40151
40172
40172
40188
40190
40191
40211
40226
40231
40239
40241
40248
40265
40291
40292
40302
40316
40316
40324
40363
40400
40401
40408
40422
40428
40446
40451
40452
40468
40506
40506
40508
40508
40512
40524
40526
40564
40581
40593
40596
40610
40610
40616
40636
40656
40659
40669
40678
40680
40685
40689
40689
40694
40697
40702
40712
40729
40730
40732
40739
40743
40756
40758
40760
40776
40783
40786
40799
40811
40831
40834
40835
40840
40840
40862
40867
40871
40900
40902
40903
40916
40925
40942
40949
40954
40962
40971
40972
40974
40996
41021
41028
41034
41036
41040
41054
41059
41064
41070
41071
41081
41086
41087
41108
41118
41118
41123
41131
41136
41144
41154
41160
41160
41161
41163
41164
41174
41176
41179
41185
41205
41212
41217
41219
41228
41252
41256
41266
41272
41289
41290
41304
41307
41320
41328
41338
41361
41362
41366
41367
41385
41405
41406
41408
41408
41418
41420
41431
41433
41436
41442
41443
41449
41484
41503
41504
41509
41519
41547
41547
41555
41558
41559
41568
41576
41581
41585
41598
41601
41617
41624
41627
41642
41643
41669
41670
41673
41690
41708
41712
41734
41741
41744
41759
41774
41789
41790
41793
41799
41807
41813
41830
41838
41859
41883
41892
41928
41940
41944
41951
41957
41963
41964
41997
42021
42025
42031
42039
42057
42066
42088
42142
42158
42172
42173
42183
42188
42195
42197
42198
42202
42206
42212
42215
42217
42224
42234
42235
42244
42264
42292
42295
42300
42308
42335
42339
42341
42352
42365
42375
42399
42399
42406
42410
42411
42418
42434
42448
42452
42457
42467
42468
42477
42485
42492
42496
42503
42508
42516
42518
42524
42524
42534
42546
42561
42564
42575
42579
42580
42597
42607
42613
42615
42617
42623
42653
42656
42656
42671
42686
42695
42699
42704
42708
42711
42712
42720
42730
42732
42735
42745
42747
42747
42761
42780
42785
42790
42807
42810
42819
42824
42843
42849
42861
42862
42869
42882
42892
42908
42910
42923
42925
42928
42959
42959
43016
43017
43022
43023
43027
43031
43043
43051
43061
43098
43104
43107
43108
43124
43147
43151
43173
43179
43190
43199
43214
43217
43220
43222
43240
43247
43254
43255
43256
43265
43271
43287
43290
43293
43294
43296
43313
43322
43324
43356
43376
43387
43388
43402
43427
43428
43450
43462
43469
43483
43491
43499
43504
43529
43529
43553
43587
43593
43595
43610
43613
43623
43637
43732
43739
43756
43767
43768
43795
43809
43827
43842
43852
43862
43866
43874
43875
43875
43888
43906
43912
43914
43916
43921
43933
43944
43947
43950
43967
44000
44020
44030
44037
44058
44066
44070
44081
44100
44102
44118
44125
44141
44147
44156
44157
44167
44182
44194
44195
44210
44212
44227
44232
44234
44238
44243
44244
44251
44258
44265
44302
44324
44324
44329
44331
44344
44348
44360
44377
44390
44394
44405
44432
44434
44450
44480
44482
44489
44527
44534
44554
44569
44576
44581
44589
44596
44608
44610
44615
44640
44641
44712
44713
44714
44727
44737
44748
44779
44781
44782
44799
44812
44830
44835
44836
44845
44851
44871
44884
44890
44902
44903
44917
44919
44923
44924
44939
44967
44993
45038
45040
45042
45043
45061
45084
45087
45089
45096
45097
45100
45100
45116
45136
45154
45156
45157
45159
45171
45188
45192
45199
45210
45213
45214
45232
45234
45268
45292
45297
45302
45320
45335
45336
45349
45349
45356
45358
45360
45380
45382
45408
45411
45414
45418
45437
45441
45451
45451
45470
45494
45530
45560
45562
45562
45569
45575
45580
45582
45590
45601
45625
45625
45632
45661
45676
45692
45693
45724
45740
45742
45762
45765
45766
45770
45775
45790
45820
45842
45843
45882
45884
45892
45898
45914
45916
45920
45927
45933
45936
45968
45984
45995
46004
46013
46017
46046
46048
46060
46060
46062
46079
46101
46105
46105
46107
46109
46130
46147
46147
46154
46169
46171
46179
46194
46199
46229
46235
46242
46256
46257
46265
46272
46295
46353
46361
46379
46381
46384
46391
46394
46420
46421
46423
46425
46431
46436
46439
46446
46475
46501
46513
46515
46526
46529
46531
46553
46554
46560
46575
46594
46626
46634
46637
46652
46654
46665
46674
46713
46717
46726
46739
46739
46768
46775
46805
46825
46848
46853
46858
46884
46916
46947
46949
46953
46962
46962
46964
46965
46972
46982
46990
46992
47021
47026
47048
47066
47069
47096
47100
47101
47102
47138
47154
47155
47160
47160
47185
47225
47242
47250
47281
47285
47315
47321
47341
47351
47357
47370
47370
47377
47380
47382
47387
47387
47396
47417
47432
47444
47451
47454
47473
47493
47504
47515
47542
47547
47552
47564
47577
47596
47607
47654
47665
47670
47673
47683
47686
47699
47712
47714
47731
47739
47749
47783
47805
47806
47826
47833
47841
47845
47849
47858
47871
47881
47884
47889
47889
47918
47920
47924
47935
47941
47946
47963
47966
47966
47976
47977
48026
48036
48048
48051
48059
48068
48084
48084
48089
48097
48102
48120
48125
48132
48136
48140
48163
48179
48199
48235
48246
48249
48254
48258
48264
48272
48290
48296
48311
48316
48339
48355
48355
48368
48377
48386
48391
48396
48418
48419
48424
48438
48448
48454
48464
48500
48510
48524
48526
48532
48560
48610
48625
48631
48638
48639
48647
48651
48652
48661
48663
48691
48697
48698
48699
48707
48727
48740
48760
48765
48784
48793
48802
48825
48844
48853
48866
48869
48895
48913
48923
48926
48931
48946
48958
48959
48969
48976
48981
48982
48983
48988
48992
48998
49013
49021
49021
49027
49034
49037
49039
49048
49053
49089
49106
49121
49141
49142
49146
49162
49182
49198
49208
49227
49258
49261
49264
49268
49269
49269
49269
49282
49283
49288
49289
49296
49326
49327
49333
49351
49352
49373
49421
49451
49472
49509
49512
49531
49539
49550
49569
49582
49588
49590
49610
49623
49634
49713
49714
49738
49747
49752
49762
49763
49765
49775
49776
49797
49810
49814
49821
49834
49842
49845
49846
49851
49857
49869
49885
49885
49922
49943
49946
49954
49957
49957
49969
49985
49989
50037
50048
50066
50066
50069
50079
50090
50090
50091
50094
50099
50102
50110
50113
50124
50154
50159
50161
50167
50169
50173
50175
50202
50206
50213
50219
50224
50233
50239
50284
50287
50290
50303
50304
50321
50325
50330
50347
50355
50376
50392
50398
50400
50411
50421
50428
50428
50431
50431
50431
50448
50472
50476
50493
50494
50495
50549
50569
50587
50616
50619
50642
50648
50655
50672
50702
50708
50729
50731
50741
50741
50756
50769
50780
50806
50820
50820
50830
50840
50842
50852
50861
50884
50898
50900
50901
50913
50915
50937
50942
50963
50967
50973
51000
51026
51041
51051
51062
51063
51066
51072
51076
51081
51081
51111
51120
51122
51124
51128
51155
51162
51177
51178
51191
51209
51212
51250
51264
51267
51282
51289
51299
51299
51301
51303
51321
51326
51327
51343
51366
51381
51384
51404
51408
51417
51424
51448
51453
51460
51464
51468
51481
51492
51493
51495
51508
51517
51518
51519
51541
51547
51559
51577
51577
51599
51620
51624
51625
51639
51642
51643
51645
51648
51676
51682
51694
51699
51706
51719
51734
51744
51755
51782
51785
51810
51839
51844
51845
51846
51848
51852
51863
51876
51881
51894
51902
51910
51933
51940
51949
51950
51953
51972
51985
51986
51991
51996
52002
52011
52034
52036
52062
52082
52093
52097
52099
52101
52105
52110
52117
52160
52161
52165
52188
52192
52197
52205
52223
52226
52246
52268
52279
52279
52290
52306
52308
52310
52311
52314
52359
52375
52381
52386
52387
52388
52390
52392
52403
52409
52410
52430
52437
52437
52459
52465
52468
52510
52521
52526
52532
52532
52535
52539
52549
52562
52565
52566
52569
52573
52573
52574
52617
52623
52638
52656
52657
52664
52668
52685
52707
52711
52743
52767
52770
52785
52808
52823
52854
52860
52879
52884
52928
52979
52992
53002
53023
53040
53041
53074
53075
53081
53083
53097
53130
53147
53156
53194
53211
53215
53221
53241
53253
53260
53264
53270
53292
53307
53314
53331
53333
53345
53374
53377
53389
53415
53439
53442
53447
53450
53466
53468
53488
53509
53515
53516
53557
53585
53590
53591
53592
53628
53636
53650
53666
53671
53677
53693
53694
53700
53705
53705
53710
53736
53743
53746
53747
53757
53763
53767
53772
53772
53777
53780
53781
53790
53793
53799
53802
53809
53821
53827
53833
53850
53853
53859
53862
53865
53875
53880
53883
53892
53899
53913
53913
53917
53924
53934
53943
53945
53954
53956
53965
53970
53994
53995
53996
54008
54038
54051
54076
54079
54128
54161
54166
54166
54167
54171
54173
54182
54204
54205
54222
54225
54236
54242
54251
54254
54256
54262
54265
54293
54299
54300
54307
54318
54318
54325
54334
54340
54345
54365
54366
54387
54392
54395
54406
54415
54450
54453
54467
54486
54506
54533
54544
54550
54554
54582
54604
54607
54610
54610
54632
54647
54652
54655
54655
54676
54689
54702
54740
54759
54762
54772
54780
54783
54802
54806
54807
54829
54837
54842
54842
54848
54852
54871
54880
54892
54895
54902
54904
54906
54914
54918
54919
54920
54940
54963
54966
54969
54974
54975
54979
55015
55046
55054
55059
55073
55092
55105
55121
55125
55131
55133
55157
55168
55185
55193
55217
55224
55232
55238
55246
55252
55254
55256
55272
55283
55284
55322
55332
55337
55344
55354
55354
55358
55361
55365
55378
55419
55421
55429
55473
55480
55503
55511
55516
55517
55526
55538
55540
55545
55553
55586
55589
55591
55596
55618
55622
55658
55673
55676
55680
55683
55691
55696
55700
55717
55717
55743
55752
55757
55758
55766
55768
55775
55797
55799
55802
55808
55811
55813
55817
55826
55833
55848
55852
55868
55870
55892
55892
55905
55920
55929
55944
55950
55955
55959
55966
55977
55982
55985
55994
56011
56012
56015
56025
56034
56038
56038
56043
56047
56058
56059
56069
56078
56092
56108
56109
56123
56127
56134
56136
56141
56151
56152
56191
56192
56197
56199
56199
56223
56254
56261
56308
56319
56321
56325
56347
56352
56361
56365
56373
56379
56380
56385
56391
56393
56396
56406
56406
56407
56409
56410
56415
56416
56431
56447
56453
56453
56455
56464
56465
56488
56507
56507
56508
56509
56513
56518
56521
56532
56541
56563
56563
56563
56565
56574
56589
56596
56596
56614
56624
56624
56632
56637
56639
56660
56661
56678
56682
56700
56722
56728
56733
56745
56749
56757
56764
56766
56778
56823
56827
56846
56854
56878
56894
56907
56922
56955
56976
56984
56989
56998
57000
57004
57005
57019
57045
57048
57070
57070
57071
57072
57079
57100
57102
57119
57120
57137
57140
57153
57169
57171
57177
57179
57183
57186
57186
57186
57190
57193
57194
57222
57228
57232
57233
57251
57269
57272
57294
57296
57298
57304
57304
57305
57317
57324
57326
57331
57332
57353
57392
57398
57422
57438
57439
57453
57509
57511
57511
57537
57548
57568
57573
57612
57635
57647
57655
57660
57677
57677
57678
57685
57687
57720
57721
57723
57731
57775
57778
57779
57787
57790
57790
57824
57824
57836
57838
57845
57850
57851
57852
57875
57881
57882
57893
57900
57901
57919
57938
57939
57954
57965
57974
57975
57995
58000
58005
58009
58022
58033
58083
58085
58087
58095
58119
58149
58167
58167
58173
58175
58177
58211
58230
58230
58246
58251
58260
58270
58348
58356
58356
58371
58371
58374
58376
58382
58389
58418
58441
58451
58459
58470
58485
58486
58493
58495
58500
58501
58511
58558
58563
58565
58566
58568
58571
58576
58580
58591
58592
58601
58601
58615
58618
58627
58632
58637
58642
58644
58656
58675
58695
58698
58711
58712
58715
58717
58720
58724
58736
58752
58755
58778
58779
58798
58819
58825
58829
58835
58850
58854
58879
58896
58899
58907
58909
58929
58938
58953
58962
58964
58970
58973
58977
58984
59015
59017
59030
59035
59035
59036
59037
59049
59058
59061
59070
59073
59075
59077
59090
59092
59095
59095
59112
59152
59162
59163
59186
59189
59202
59213
59223
59245
59267
59268
59283
59292
59300
59337
59343
59356
59364
59366
59382
59388
59417
59423
59426
59432
59438
59446
59457
59463
59463
59475
59489
59501
59505
59510
59514
59517
59522
59532
59535
59543
59581
59598
59601
59602
59637
59641
59665
59687
59695
59695
59696
59707
59708
59709
59713
59716
59719
59726
59755
59761
59775
59789
59802
59822
59833
59846
59855
59868
59896
59897
59903
59912
59916
59922
59930
59942
59943
59951
59963
59973
59982
59987
59988
59995
59998
60001
60012
60019
60041
60059
60059
60062
60064
60075
60076
60095
60119
60141
60141
60141
60142
60172
60191
60200
60204
60219
60246
60247
60247
60258
60261
60267
60268
60282
60296
60309
60313
60322
60338
60351
60353
60369
60378
60381
60381
60386
60392
60397
60416
60421
60432
60432
60438
60443
60445
60445
60454
60478
60485
60486
60493
60516
60522
60523
60544
60553
60573
60596
60603
60604
60608
60618
60625
60628
60631
60635
60654
60673
60674
60701
60710
60744
60785
60788
60792
60810
60816
60825
60835
60855
60856
60866
60902
60913
60918
60934
60935
60943
60959
60968
60982
60988
61001
61004
61004
61018
61021
61030
61051
61069
61087
61093
61097
61121
61139
61161
61168
61172
61174
61178
61194
61196
61206
61218
61226
61228
61237
61248
61259
61262
61298
61307
61323
61338
61349
61355
61371
61374
61376
61380
61410
61412
61423
61432
61432
61440
61444
61457
61462
61466
61466
61475
61480
61488
61490
61494
61500
61502
61509
61512
61520
61521
61523
61523
61530
61534
61535
61535
61559
61565
61572
61595
61595
61610
61610
61612
61626
61639
61640
61643
61653
61664
61701
61702
61705
61706
61710
61722
61732
61741
61750
61758
61766
61774
61780
61788
61797
61799
61846
61848
61855
61862
61864
61865
61884
61892
61897
61912
61916
61920
61927
61939
61942
61956
61960
61986
61991
61998
62000
62008
62010
62025
62044
62053
62058
62060
62071
62101
62138
62138
62150
62153
62159
62165
62175
62206
62212
62213
62222
62230
62234
62265
62282
62298
62306
62331
62338
62339
62341
62352
62368
62383
62385
62399
62406
62412
62418
62427
62428
62473
62477
62485
62500
62518
62525
62526
62532
62538
62553
62558
62563
62567
62577
62587
62592
62598
62607
62629
62630
62658
62661
62671
62702
62707
62712
62713
62725
62735
62739
62742
62750
62753
62757
62779
62796
62796
62798
62800
62809
62814
62827
62841
62891
62901
62914
62915
62916
62921
62928
62929
62952
62952
62956
62970
62981
62984
62985
62987
62992
62996
63004
63018
63022
63028
63038
63041
63043
63062
63067
63086
63091
63110
63114
63127
63128
63131
63148
63154
63157
63181
63185
63190
63218
63228
63241
63269
63277
63287
63287
63290
63298
63326
63338
63349
63361
63372
63377
63385
63392
63445
63451
63459
63467
63485
63492
63497
63503
63506
63512
63514
63518
63520
63522
63543
63543
63544
63568
63575
63587
63593
63616
63626
63632
63662
63667
63685
63699
63700
63703
63715
63715
63729
63731
63733
63740
63744
63750
63752
63774
63786
63798
63799
63812
63831
63841
63852
63854
63869
63870
63872
63874
63875
63876
63881
63886
63891
63894
63914
63919
63920
63926
63959
63960
63987
63988
63996
64001
64009
64010
64013
64022
64024
64034
64038
64038
64055
64072
64082
64100
64107
64118
64123
64126
64143
64150
64164
64169
64184
64185
64188
64243
64249
64251
64261
64271
64276
64277
64283
64284
64288
64288
64300
64303
64307
64334
64336
64346
64346
64347
64349
64370
64402
64412
64413
64417
64428
64456
64459
64482
64497
64507
64536
64539
64546
64567
64570
64586
64600
64621
64634
64651
64663
64667
64668
64671
64684
64686
64688
64689
64701
64707
64714
64717
64718
64723
64729
64734
64737
64762
64765
64808
64826
64853
64860
64867
64880
64889
64894
64906
64921
64923
64930
64931
64935
64943
64960
64961
64962
64962
64963
64974
64979
64980
64985
64999
65006
65011
65019
65022
65025
65027
65033
65038
65042
65057
65072
65100
65109
65134
65138
65148
65157
65166
65169
65172
65182
65185
65188
65231
65234
65251
65259
65265
65280
65288
65314
65317
65323
65347
65384
65397
65411
65418
65440
65442
65443
65464
65474
65475
65480
65481
65484
65498
65501
65505
65541
65553
65556
65566
65594
65596
65611
65612
65618
65622
65628
65646
65653
65659
65660
65661
65700
65710
65726
65731
65743
65757
65773
65808
65814
65819
65877
65881
65901
65905
65907
65908
65924
65932
65944
65946
65950
65962
65965
65981
65982
65986
65994
66016
66043
66078
66088
66134
66145
66155
66165
66176
66181
66190
66194
66198
66200
66224
66240
66254
66257
66259
66264
66285
66285
66314
66339
66342
66346
66359
66365
66380
66386
66416
66417
66417
66459
66467
66469
66469
66498
66508
66534
66534
66546
66565
66572
66585
66593
66594
66594
66603
66605
66606
66616
66617
66626
66654
66656
66673
66679
66688
66701
66752
66765
66779
66792
66796
66798
66800
66802
66813
66814
66815
66824
66827
66847
66852
66854
66856
66885
66892
66922
66935
66944
66954
67005
67035
67041
67049
67060
67068
67073
67073
67073
67082
67097
67107
67119
67129
67149
67150
67163
67172
67216
67220
67222
67235
67236
67248
67256
67269
67271
67274
67281
67290
67317
67319
67334
67336
67340
67345
67360
67382
67385
67386
67388
67399
67410
67417
67421
67434
67452
67452
67465
67472
67498
67503
67511
67524
67547
67548
67563
67576
67576
67580
67587
67589
67605
67617
67628
67629
67634
67655
67689
67692
67701
67704
67747
67755
67767
67775
67788
67810
67837
67860
67874
67884
67887
67892
67908
67937
67966
67979
67984
67986
68002
68021
68031
68039
68056
68086
68087
68095
68108
68111
68112
68113
68129
68133
68154
68199
68224
68240
68253
68281
68286
68293
68295
68297
68301
68331
68349
68354
68356
68374
68379
68380
68382
68385
68387
68408
68413
68497
68504
68504
68513
68521
68533
68537
68543
68564
68588
68602
68611
68629
68632
68639
68653
68674
68674
68676
68695
68695
68696
68713
68721
68724
68727
68758
68760
68762
68771
68778
68783
68792
68797
68806
68809
68810
68832
68835
68842
68859
68866
68867
68870
68874
68878
68880
68882
68886
68898
68899
68916
68919
68923
68925
68928
68947
69011
69019
69024
69026
69030
69036
69039
69041
69048
69073
69081
69094
69112
69130
69142
69143
69159
69161
69164
69167
69185
69194
69194
69195
69234
69248
69254
69273
69286
69289
69289
69299
69308
69333
69339
69347
69349
69350
69358
69367
69383
69399
69411
69414
69416
69424
69435
69440
69446
69455
69459
69461
69468
69481
69481
69506
69513
69522
69530
69533
69535
69555
69561
69577
69585
69594
69610
69626
69640
69644
69660
69670
69712
69720
69726
69728
69736
69738
69740
69744
69752
69776
69795
69810
69812
69815
69817
69822
69828
69854
69860
69875
69881
69888
69891
69903
69905
69916
69926
69927
69939
69961
69968
69971
70011
70020
70027
70031
70036
70054
70055
70059
70065
70068
70076
70080
70101
70105
70113
70126
70183
70204
70233
70252
70255
70256
70269
70273
70277
70286
70288
70297
70301
70302
70305
70316
70334
70344
70364
70372
70378
70388
70409
70418
70445
70473
70480
70483
70506
70517
70528
70553
70555
70558
70562
70571
70573
70583
70589
70596
70602
70611
70614
70617
70633
70659
70665
70667
70670
70679
70680
70688
70700
70708
70710
70716
70741
70770
70776
70778
70781
70786
70821
70828
70850
70857
70864
70874
70882
70895
70897
70919
70940
70941
70942
70946
70948
70949
70978
70999
71002
71007
71028
71048
71086
71120
71124
71152
71156
71158
71163
71164
71171
71193
71197
71202
71208
71266
71276
71281
71285
71312
71313
71320
71334
71340
71378
71387
71388
71392
71393
71405
71416
71417
71440
71447
71452
71454
71470
71490
71491
71498
71504
71509
71515
71527
71533
71538
71539
71558
71565
71565
71566
71580
71591
71603
71606
71620
71624
71637
71645
71650
71654
71658
71662
71664
71669
71679
71683
71692
71694
71698
71698
71699
71704
71714
71717
71726
71734
71742
71769
71782
71792
71799
71807
71816
71837
71857
71862
71871
71873
71884
71895
71908
71921
71933
71940
71958
71974
71976
71983
71985
71991
71994
71996
72004
72017
72018
72019
72025
72042
72045
72047
72064
72081
72085
72086
72089
72118
72119
72124
72127
72143
72158
72170
72170
72173
72187
72194
72199
72199
72208
72208
72212
72225
72229
72243
72275
72275
72279
72281
72284
72292
72309
72310
72317
72323
72346
72365
72378
72389
72390
72394
72401
72405
72432
72448
72474
72486
72496
72521
72529
72531
72552
72552
72554
72560
72595
72605
72609
72610
72621
72625
72644
72655
72659
72699
72741
72747
72779
72783
72789
72789
72793
72822
72823
72837
72838
72848
72857
72871
72885
72889
72891
72897
72917
72932
72953
72961
72969
72980
72981
73018
73021
73047
73087
73088
73095
73103
73106
73138
73142
73143
73144
73150
73150
73157
73173
73182
73185
73192
73199
73202
73205
73207
73245
73271
73286
73296
73301
73301
73316
73318
73326
73334
73336
73361
73365
73367
73378
73379
73394
73396
73398
73406
73416
73418
73420
73422
73422
73431
73445
73447
73453
73455
73470
73472
73483
73486
73494
73502
73510
73516
73531
73551
73555
73569
73571
73574
73589
73603
73608
73610
73634
73646
73658
73659
73672
73673
73683
73692
73717
73727
73727
73740
73749
73781
73782
73794
73799
73812
73849
73849
73868
73883
73883
73889
73891
73904
73907
73911
73919
73925
73926
73942
73971
73981
73992
73999
74006
74006
74008
74010
74016
74018
74027
74028
74053
74053
74073
74074
74085
74089
74089
74100
74110
74143
74161
74174
74175
74176
74178
74183
74202
74223
74229
74231
74248
74274
74285
74328
74328
74339
74348
74378
74387
74400
74405
74405
74422
74441
74442
74445
74450
74452
74479
74488
74504
74505
74508
74514
74515
74522
74524
74527
74528
74549
74557
74566
74567
74588
74606
74613
74634
74648
74648
74656
74658
74680
74702
74705
74713
74723
74725
74747
74762
74765
74769
74772
74786
74791
74794
74803
74819
74828
74828
74835
74837
74868
74875
74884
74921
74922
74925
74929
74950
74976
74985
74986
74989
75004
75005
75018
75041
75066
75066
75067
75069
75073
75074
75076
75086
75087
75095
75131
75134
75155
75166
75171
75173
75182
75186
75187
75203
75209
75212
75216
75216
75222
75231
75242
75252
75253
75269
75269
75284
75285
75291
75291
75311
75322
75325
75327
75337
75343
75346
75350
75355
75359
75374
75375
75388
75389
75399
75399
75405
75409
75418
75439
75450
75457
75469
75470
75474
75476
75505
75506
75519
75527
75569
75574
75575
75580
75597
75605
75606
75610
75631
75637
75643
75656
75661
75676
75686
75692
75703
75718
75724
75742
75745
75746
75761
75761
75770
75771
75774
75783
75798
75801
75813
75815
75825
75827
75835
75849
75864
75869
75872
75877
75877
75883
75897
75910
75913
75925
75932
75946
75949
75951
75965
75986
75989
76021
76042
76047
76047
76050
76063
76065
76073
76084
76087
76090
76108
76112
76121
76128
76150
76168
76173
76210
76220
76228
76232
76245
76246
76248
76250
76262
76277
76277
76281
76316
76328
76339
76348
76369
76376
76395
76430
76434
76444
76454
76462
76467
76472
76505
76505
76507
76524
76540
76542
76555
76557
76575
76576
76585
76589
76601
76605
76619
76649
76650
76664
76665
76667
76674
76679
76690
76705
76707
76715
76719
76726
76726
76727
76742
76755
76783
76798
76804
76808
76814
76827
76858
76869
76869
76898
76900
76907
76910
76932
76933
76939
76953
76957
76966
76983
76992
76998
77008
77014
77023
77036
77042
77050
77059
77070
77074
77080
77084
77115
77115
77123
77133
77135
77138
77149
77150
77156
77159
77190
77217
77221
77224
77234
77254
77282
77286
77291
77294
77304
77305
77305
77330
77334
77337
77342
77350
77362
77364
77366
77406
77410
77412
77422
77425
77435
77438
77439
77447
77458
77492
77494
77496
77512
77534
77547
77573
77580
77601
77610
77623
77643
77662
77685
77700
77736
77738
77751
77763
77802
77804
77806
77816
77830
77832
77836
77849
77856
77895
77909
77912
77952
77963
77973
77976
77978
77992
77998
78015
78022
78025
78060
78063
78096
78096
78103
78104
78110
78111
78114
78116
78125
78131
78139
78147
78149
78150
78156
78175
78177
78192
78198
78210
78210
78221
78225
78225
78232
78242
78244
78245
78255
78255
78267
78277
78285
78306
78323
78332
78332
78335
78336
78337
78347
78355
78359
78367
78375
78384
78406
78417
78429
78443
78456
78464
78465
78470
78471
78489
78494
78503
78504
78519
78523
78534
78535
78553
78567
78572
78583
78610
78615
78616
78620
78635
78641
78647
78669
78670
78722
78726
78739
78740
78755
78759
78773
78775
78795
78815
78827
78845
78848
78850
78852
78857
78859
78860
78870
78884
78894
78918
78920
78927
78940
78945
78947
78948
78950
78950
78951
78960
78961
78968
79000
79002
79003
79017
79024
79045
79049
79051
79060
79066
79079
79081
79088
79105
79120
79123
79126
79135
79140
79151
79152
79159
79182
79184
79203
79217
79218
79218
79223
79230
79239
79243
79248
79253
79255
79264
79269
79273
79277
79280
79288
79320
79327
79337
79384
79416
79418
79421
79426
79444
79456
79465
79466
79475
79482
79482
79504
79532
79539
79549
79550
79578
79592
79609
79633
79639
79663
79673
79677
79678
79690
79691
79700
79701
79712
79724
79737
79776
79816
79836
79873
79875
79883
79884
79887
79909
79938
79939
79959
79972
79978
79981
79989
79993
80000
80008
80015
80018
80035
80059
80064
80082
80091
80110
80121
80130
80155
80178
80181
80186
80191
80203
80232
80243
80255
80264
80273
80276
80320
80337
80350
80358
80374
80385
80387
80389
80397
80401
80408
80410
80424
80447
80510
80518
80519
80523
80527
80548
80552
80554
80561
80588
80603
80623
80629
80634
80658
80675
80682
80687
80688
80690
80692
80707
80713
80717
80735
80742
80742
80747
80749
80752
80758
80761
80766
80766
80771
80771
80799
80824
80828
80830
80838
80843
80846
80848
80858
80899
80901
80902
80909
80918
80920
80928
80940
80941
80964
80974
80976
80995
81000
81016
81031
81031
81052
81055
81058
81070
81075
81078
81080
81099
81102
81107
81108
81122
81124
81124
81131
81142
81158
81160
81179
81187
81193
81244
81244
81259
81273
81276
81278
81283
81287
81289
81290
81295
81318
81321
81327
81329
81341
81343
81345
81361
81361
81369
81371
81380
81396
81402
81402
81422
81426
81429
81430
81435
81444
81463
81468
81475
81478
81480
81500
81501
81504
81528
81530
81537
81538
81550
81562
81564
81566
81583
81590
81598
81599
81616
81625
81638
81651
81658
81673
81677
81685
81695
81703
81713
81730
81752
81752
81765
81807
81810
81814
81830
81848
81860
81860
81867
81870
81872
81889
81920
81948
81957
81958
81979
81981
81984
82007
82029
82031
82035
82040
82042
82050
82059
82064
82080
82089
82121
82125
82146
82150
82152
82160
82162
82163
82167
82180
82183
82212
82226
82243
82257
82258
82283
82292
82307
82364
82384
82425
82431
82432
82441
82444
82501
82508
82511
82530
82553
82559
82561
82562
82589
82590
82593
82596
82598
82629
82643
82644
82671
82678
82724
82730
82739
82747
82750
82777
82791
82802
82808
82813
82816
82817
82817
82818
82827
82848
82856
82879
82881
82907
82911
82916
82918
82927
82933
82951
82952
82957
82979
83011
83021
83074
83079
83082
83083
83089
83097
83099
83105
83119
83119
83121
83122
83131
83135
83146
83164
83174
83194
83224
83226
83227
83231
83254
83256
83277
83280
83290
83293
83310
83320
83326
83328
83331
83343
83356
83357
83371
83394
83423
83446
83449
83461
83463
83467
83474
83480
83481
83483
83486
83487
83529
83547
83564
83571
83578
83583
83584
83590
83592
83616
83624
83636
83649
83651
83660
83671
83697
83729
83733
83738
83740
83747
83749
83758
83779
83790
83796
83807
83813
83814
83815
83816
83824
83840
83840
83843
83846
83850
83855
83857
83859
83860
83865
83880
83882
83882
83885
83895
83897
83927
83947
83949
83949
83987
83998
84000
84032
84034
84038
84089
84099
84099
84105
84106
84109
84130
84132
84134
84134
84147
84153
84159
84164
84177
84184
84197
84207
84224
84224
84226
84249
84256
84258
84261
84261
84266
84268
84273
84289
84293
84307
84318
84331
84333
84340
84344
84347
84348
84351
84353
84357
84366
84379
84400
84403
84422
84446
84466
84469
84475
84481
84491
84496
84496
84497
84497
84499
84513
84525
84529
84540
84550
84559
84583
84589
84619
84620
84636
84640
84642
84643
84660
84675
84678
84688
84712
84748
84752
84761
84780
84795
84801
84807
84867
84869
84880
84883
84900
84904
84911
84914
84915
84917
84924
84930
84956
84959
84959
84960
84984
84988
85005
85009
85036
85055
85057
85059
85064
85074
85080
85088
85106
85108
85122
85143
85154
85173
85185
85191
85196
85200
85206
85206
85223
85232
85244
85247
85249
85260
85262
85277
85291
85297
85297
85308
85309
85312
85326
85336
85348
85367
85395
85398
85404
85421
85422
85427
85446
85457
85482
85485
85502
85508
85513
85517
85518
85531
85545
85549
85551
85554
85574
85596
85621
85651
85668
85698
85700
85704
85708
85709
85724
85733
85737
85753
85777
85780
85811
85816
85826
85831
85834
85845
85850
85857
85860
85874
85877
85901
85912
85918
85931
85936
85945
85960
85960
85968
85970
85989
85990
86006
86011
86018
86035
86042
86046
86050
86062
86078
86078
86093
86119
86127
86130
86143
86144
86144
86152
86155
86168
86179
86187
86191
86192
86193
86207
86213
86256
86269
86275
86286
86289
86296
86298
86300
86309
86323
86345
86357
86371
86394
86409
86427
86434
86447
86448
86448
86450
86454
86463
86470
86477
86484
86504
86516
86552
86556
86563
86568
86570
86578
86585
86611
86618
86625
86637
86641
86642
86667
86676
86679
86689
86693
86701
86702
86713
86718
86721
86723
86752
86754
86757
86764
86769
86771
86772
86772
86773
86785
86789
86800
86819
86823
86830
86846
86847
86848
86849
86858
86864
86867
86890
86903
86904
86964
86974
86975
86978
86979
86988
87008
87016
87017
87042
87065
87078
87081
87094
87094
87102
87109
87115
87128
87129
87133
87137
87147
87198
87207
87224
87228
87229
87235
87243
87254
87265
87287
87289
87293
87300
87308
87308
87329
87341
87342
87346
87350
87350
87356
87364
87365
87365
87381
87398
87398
87414
87416
87429
87432
87466
87468
87471
87472
87483
87505
87513
87522
87528
87530
87539
87543
87559
87566
87574
87574
87583
87589
87591
87601
87620
87640
87652
87654
87656
87660
87663
87692
87694
87700
87703
87711
87719
87727
87741
87741
87742
87751
87788
87798
87820
87823
87831
87840
87852
87856
87862
87870
87877
87891
87898
87925
87931
87953
87956
87978
87983
88014
88036
88041
88042
88043
88067
88073
88081
88086
88086
88106
88119
88155
88161
88192
88193
88194
88225
88253
88264
88266
88274
88305
88307
88308
88314
88320
88326
88328
88332
88332
88333
88336
88365
88367
88371
88371
88372
88395
88402
88409
88410
88416
88428
88436
88436
88456
88463
88478
88484
88490
88494
88507
88507
88513
88531
88535
88546
88550
88570
88570
88574
88574
88577
88582
88589
88615
88618
88619
88648
88653
88664
88672
88688
88719
88723
88730
88741
88744
88763
88767
88780
88785
88788
88794
88818
88826
88827
88831
88833
88834
88871
88876
88905
88907
88917
88931
88942
88949
88952
88952
88958
88975
88981
89006
89021
89031
89056
89082
89092
89101
89109
89116
89139
89148
89150
89152
89157
89178
89181
89199
89203
89206
89207
89215
89218
89270
89292
89318
89324
89348
89355
89356
89361
89361
89370
89380
89443
89443
89464
89468
89473
89496
89497
89500
89529
89544
89545
89547
89550
89558
89572
89587
89607
89626
89659
89689
89715
89720
89723
89724
89738
89744
89746
89761
89766
89768
89768
89787
89793
89795
89802
89828
89834
89851
89863
89889
89892
89898
89921
89923
89935
89937
89943
89949
89953
89957
89990
89991
90011
90014
90027
90043
90066
90072
90073
90091
90148
90150
90153
90158
90166
90175
90183
90205
90220
90236
90242
90248
90248
90253
90262
90262
90264
90272
90301
90319
90325
90339
90342
90369
90376
90383
90398
90421
90439
90446
90454
90458
90472
90481
90530
90537
90553
90562
90579
90640
90677
90684
90699
90711
90722
90757
90757
90761
90768
90777
90779
90802
90806
90816
90818
90830
90831
90834
90842
90845
90880
90880
90891
90901
90911
90915
90917
90918
90920
90920
90925
90926
90958
90963
90990
91013
91045
91048
91053
91076
91078
91092
91124
91142
91160
91165
91172
91196
91211
91214
91215
91217
91230
91241
91244
91246
91247
91249
91255
91292
91293
91303
91351
91364
91368
91368
91417
91421
91427
91434
91446
91488
91492
91497
91499
91503
91518
91524
91528
91529
91550
91564
91585
91589
91591
91592
91613
91613
91636
91637
91640
91653
91654
91658
91668
91675
91683
91694
91703
91711
91717
91727
91732
91740
91744
91746
91748
91751
91769
91785
91786
91800
91813
91829
91875
91877
91889
91896
91909
91918
91941
91944
91971
91972
91976
91997
92006
92027
92059
92060
92073
92086
92088
92088
92089
92112
92114
92128
92132
92149
92155
92157
92164
92164
92174
92175
92180
92184
92194
92214
92220
92225
92231
92249
92260
92292
92299
92308
92309
92320
92328
92335
92366
92379
92384
92386
92390
92392
92433
92444
92455
92459
92483
92487
92514
92523
92524
92526
92533
92555
92558
92564
92571
92581
92584
92592
92601
92613
92615
92635
92644
92686
92690
92696
92722
92728
92732
92747
92748
92752
92786
92790
92818
92841
92843
92848
92849
92866
92876
92884
92901
92926
92940
92940
92948
92950
92953
92964
92974
92977
93002
93008
93009
93013
93016
93021
93038
93045
93056
93074
93076
93121
93121
93124
93137
93152
93154
93156
93157
93161
93169
93169
93192
93221
93236
93274
93284
93299
93309
93322
93335
93339
93356
93368
93377
93377
93388
93397
93401
93417
93418
93423
93440
93466
93503
93503
93513
93517
93534
93564
93574
93607
93615
93617
93623
93629
93641
93645
93654
93660
93673
93697
93701
93746
93747
93748
93754
93757
93761
93767
93778
93796
93803
93807
93829
93830
93837
93837
93863
93864
93866
93888
93892
93893
93903
93932
93986
93990
93994
93996
94000
94001
94007
94009
94023
94029
94032
94054
94084
94094
94115
94138
94144
94165
94184
94185
94188
94216
94232
94241
94254
94258
94269
94270
94283
94298
94300
94314
94329
94334
94338
94348
94356
94357
94370
94386
94394
94421
94423
94425
94435
94451
94486
94503
94516
94517
94523
94547
94548
94549
94587
94597
94604
94604
94604
94605
94605
94611
94617
94622
94627
94634
94648
94660
94678
94680
94686
94694
94697
94706
94709
94719
94733
94737
94740
94740
94741
94745
94748
94767
94769
94779
94779
94797
94800
94816
94833
94870
94879
94881
94889
94891
94893
94918
94919
94927
94938
94945
94947
94955
94969
94977
94997
94998
95005
95008
95010
95016
95042
95050
95056
95061
95063
95068
95069
95071
95076
95078
95094
95095
95108
95108
95112
95123
95136
95140
95147
95161
95186
95189
95202
95212
95221
95235
95260
95268
95272
95280
95295
95305
95326
95336
95343
95351
95352
95353
95378
95379
95382
95406
95415
95427
95446
95469
95476
95483
95484
95517
95526
95569
95573
95579
95581
95593
95594
95614
95641
95645
95646
95661
95671
95693
95719
95721
95725
95730
95731
95734
95735
95743
95747
95755
95774
95802
95826
95838
95845
95849
95859
95860
95868
95870
95875
95886
95889
95908
95918
95920
95940
95946
95953
95963
95965
95969
95981
95987
95995
95996
95998
96009
96023
96033
96033
96037
96051
96061
96069
96077
96139
96146
96147
96151
96151
96154
96156
96176
96194
96198
96200
96205
96213
96231
96245
96252
96281
96322
96324
96324
96324
96335
96352
96383
96398
96413
96422
96431
96442
96444
96463
96471
96476
96480
96490
96492
96495
96502
96524
96536
96552
96553
96562
96565
96574
96579
96583
96585
96593
96608
96614
96618
96621
96624
96626
96631
96632
96635
96637
96648
96666
96684
96689
96700
96729
96730
96732
96734
96741
96744
96749
96753
96755
96763
96764
96796
96797
96797
96798
96811
96812
96815
96821
96830
96841
96842
96844
96849
96859
96878
96886
96895
96912
96921
96932
96935
96936
96940
96955
96956
96957
96974
96981
96992
97003
97007
97011
97014
97015
97025
97028
97032
97046
97077
97080
97092
97104
97109
97128
97136
97149
97156
97158
97171
97184
97197
97197
97212
97213
97213
97230
97239
97283
97296
97304
97310
97315
97319
97333
97338
97351
97355
97358
97361
97376
97379
97379
97380
97380
97398
97407
97414
97441
97450
97456
97472
97483
97499
97504
97505
97510
97514
97528
97556
97563
97570
97580
97589
97593
97623
97625
97628
97641
97645
97661
97668
97670
97683
97686
97691
97696
97710
97736
97745
97746
97773
97787
97788
97801
97810
97819
97829
97832
97857
97858
97865
97868
97874
97898
97898
97903
97913
97916
97917
97918
97948
97950
97960
97960
97964
97969
98014
98024
98028
98028
98034
98041
98045
98050
98059
98068
98078
98109
98113
98117
98120
98125
98131
98147
98150
98161
98177
98178
98197
98200
98204
98209
98213
98217
98232
98237
98248
98257
98284
98297
98299
98306
98315
98315
98330
98333
98354
98363
98375
98394
98394
98395
98397
98400
98422
98445
98450
98453
98453
98458
98490
98501
98512
98519
98528
98530
98543
98545
98552
98553
98554
98595
98637
98640
98649
98650
98667
98669
98675
98678
98680
98684
98689
98702
98709
98714
98725
98727
98759
98763
98764
98829
98857
98866
98882
98888
98888
98890
98892
98896
98906
98907
98911
98916
98925
98932
98934
98961
98970
98971
98973
98981
98987
98995
99013
99014
99019
99035
99045
99085
99103
99104
99107
99112
99112
99115
99124
99124
99147
99155
99200
99201
99205
99208
99210
99224
99236
99252
99252
99256
99257
99281
99293
99306
99307
99310
99319
99325
99325
99327
99333
99349
99355
99357
99372
99385
99417
99418
99423
99441
99451
99464
99476
99481
99507
99535
99543
99546
99550
99556
99581
99598
99614
99627
99637
99647
99669
99683
99688
99688
99690
99692
99697
99699
99719
99726
99728
99731
99750
99773
99783
99802
99821
99833
99833
99843
99847
99848
99858
99886
99899
99900
99903
99914
99921
99932
99946
99965
99967
99968
99971
99973
100000
100003
100018
100060
100065
100082
100109
100124
100128
100138
100138
100150
100169
100186
100192
100196
100205
100241
100255
100261
100261
100262
100270
100271
100285
100286
100287
100295
100322
100338
100340
100348
100364
100400
100400
100410
100412
100415
100416
100428
100433
100453
100458
100463
100476
100497
100499
100512
100524
100533
100534
100550
100551
100568
100575
100602
100607
100620
100630
100649
100654
100655
100659
100670
100676
100688
100704
100713
100715
100725
100737
100741
100745
100752
100758
100781
100789
100797
100811
100851
100853
100878
100888
100906
100914
100926
100927
100939
100941
100945
100977
100980
100985
100987
101003
101011
101016
101016
101025
101037
101048
101053
101063
101067
101072
101084
101087
101091
101121
101122
101124
101136
101144
101215
101217
101224
101243
101258
101262
101278
101282
101311
101335
101353
101366
101367
101373
101375
101385
101410
101427
101448
101462
101466
101472
101473
101493
101522
101534
101546
101549
101556
101564
101571
101583
101595
101601
101605
101621
101621
101625
101636
101639
101670
101676
101685
101688
101689
101691
101701
101711
101716
101722
101727
101735
101741
101761
101768
101776
101787
101799
101803
101811
101827
101831
101837
101850
101853
101867
101870
101908
101913
101953
101955
101967
101970
101975
101980
101986
101986
102010
102011
102012
102038
102042
102045
102048
102054
102065
102078
102080
102080
102090
102110
102115
102121
102124
102133
102137
102141
102154
102161
102161
102164
102172
102185
102189
102191
102196
102203
102231
102233
102238
102244
102245
102271
102273
102274
102282
102291
102311
102328
102334
102350
102368
102383
102391
102396
102406
102410
102433
102434
102443
102445
102450
102462
102468
102476
102481
102495
102507
102513
102514
102517
102535
102543
102545
102555
102555
102557
102559
102560
102572
102579
102606
102615
102647
102653
102657
102667
102668
102673
102673
102684
102685
102691
102694
102726
102726
102731
102736
102743
102747
102754
102756
102768
102780
102785
102785
102803
102815
102824
102832
102833
102838
102841
102846
102854
102876
102876
102905
102907
102910
102911
102917
102921
102940
102965
102985
103016
103024
103025
103030
103036
103096
103097
103106
103120
103127
103130
103133
103136
103165
103173
103181
103207
103224
103232
103237
103238
103278
103279
103282
103296
103301
103308
103319
103331
103353
103367
103389
103392
103395
103410
103418
103419
103422
103440
103458
103469
103493
103502
103519
103523
103538
103544
103555
103558
103563
103572
103583
103583
103585
103588
103592
103593
103594
103595
103612
103619
103626
103628
103637
103657
103662
103680
103697
103698
103709
103716
103726
103748
103750
103755
103767
103800
103806
103808
103822
103852
103852
103868
103902
103904
103928
103939
104022
104029
104031
104034
104034
104038
104041
104048
104048
104050
104052
104057
104082
104089
104091
104092
104096
104111
104124
104154
104157
104157
104157
104175
104179
104184
104185
104220
104222
104230
104270
104278
104280
104288
104294
104296
104326
104329
104343
104351
104359
104364
104367
104375
104383
104393
104397
104402
104417
104424
104426
104462
104465
104472
104475
104492
104528
104542
104551
104561
104562
104562
104565
104572
104584
104595
104617
104622
104675
104676
104681
104687
104696
104696
104704
104717
104718
104734
104743
104745
104747
104767
104778
104781
104782
104792
104792
104798
104809
104837
104845
104854
104861
104863
104879
104918
104921
104954
104954
104955
104979
105009
105020
105027
105029
105037
105038
105040
105046
105057
105071
105094
105097
105105
105114
105121
105121
105138
105152
105155
105156
105162
105179
105183
105197
105210
105215
105224
105226
105263
105265
105285
105299
105308
105310
105331
105348
105356
105363
105381
105391
105410
105419
105432
105439
105447
105452
105468
105471
105477
105479
105482
105487
105489
105521
105546
105567
105572
105577
105580
105596
105597
105602
105603
105608
105612
105625
105627
105635
105653
105655
105659
105662
105710
105712
105728
105735
105737
105738
105748
105772
105775
105777
105780
105782
105791
105810
105835
105847
105858
105867
105890
105906
105910
105911
105924
105928
105929
105943
105949
105952
105953
105958
105964
105965
105986
105991
106004
106008
106021
106026
106039
106044
106045
106054
106091
106092
106113
106123
106137
106157
106164
106167
106189
106191
106206
106235
106252
106266
106284
106300
106312
106314
106315
106330
106343
106343
106346
106350
106375
106443
106444
106455
106458
106474
106487
106501
106504
106511
106515
106531
106532
106550
106552
106571
106577
106595
106599
106602
106609
106612
106615
106619
106629
106637
106640
106647
106660
106684
106694
106699
106705
106751
106752
106757
106757
106761
106764
106766
106768
106785
106788
106790
106795
106795
106795
106797
106807
106815
106821
106831
106851
106886
106899
106904
106944
106957
106969
106970
107008
107014
107022
107033
107045
107053
107059
107066
107069
107070
107078
107088
107155
107166
107168
107175
107185
107197
107218
107228
107229
107252
107264
107273
107281
107285
107292
107296
107305
107307
107323
107325
107346
107348
107353
107359
107361
107384
107416
107438
107449
107455
107496
107497
107503
107505
107508
107519
107523
107527
107527
107530
107537
107552
107558
107562
107573
107579
107579
107584
107594
107595
107608
107633
107646
107652
107697
107711
107712
107713
107715
107720
107722
107729
107735
107761
107767
107767
107772
107772
107778
107795
107796
107797
107812
107820
107830
107850
107860
107895
107896
107900
107902
107904
107919
107928
107935
107940
107946
107946
107955
107960
107975
107977
107986
107992
107997
108030
108037
108051
108082
108083
108098
108102
108104
108110
108110
108133
108135
108136
108153
108166
108168
108170
108184
108207
108244
108268
108273
108301
108303
108316
108322
108327
108343
108353
108359
108363
108375
108387
108388
108389
108391
108397
108403
108405
108411
108411
108428
108447
108447
108454
108459
108469
108476
108477
108489
108504
108507
108513
108515
108541
108569
108571
108575
108582
108604
108605
108607
108612
108627
108632
108637
108639
108640
108666
108690
108692
108705
108710
108719
108722
108725
108726
108726
108739
108756
108762
108789
108801
108806
108812
108821
108827
108830
108832
108834
108852
108855
108863
108874
108877
108889
108898
108909
108943
108946
108950
108951
108957
108979
108987
108991
109001
109011
109012
109019
109041
109053
109086
109097
109112
109130
109140
109146
109149
109151
109159
109159
109183
109187
109195
109197
109206
109211
109246
109250
109270
109276
109279
109279
109290
109294
109299
109307
109310
109322
109352
109359
109362
109365
109368
109378
109380
109395
109409
109420
109440
109455
109462
109462
109483
109485
109500
109501
109518
109521
109524
109530
109532
109535
109541
109556
109567
109580
109586
109587
109596
109596
109599
109605
109612
109615
109639
109653
109657
109658
109663
109665
109666
109672
109675
109676
109679
109694
109719
109721
109733
109743
109747
109763
109764
109766
109766
109777
109779
109782
109789
109792
109796
109804
109827
109838
109845
109848
109851
109852
109862
109886
109892
109899
109929
109931
109933
109934
109935
109954
109956
109957
109978
109984
109988
110013
110019
110032
110044
110066
110074
110081
110081
110096
110113
110121
110124
110128
110131
110134
110144
110153
110154
110157
110161
110172
110172
110179
110182
110189
110233
110246
110253
110279
110279
110286
110293
110300
110330
110340
110368
110368
110372
110372
110373
110387
110395
110410
110415
110427
110445
110445
110448
110449
110454
110457
110461
110467
110477
110482
110492
110500
110534
110541
110560
110566
110581
110589
110616
110628
110630
110634
110635
110638
110638
110643
110656
110662
110664
110672
110694
110697
110706
110730
110731
110750
110801
110823
110832
110832
110855
110858
110860
110861
110863
110868
110875
110916
110944
110946
110947
110953
110975
110979
110985
110991
111009
111021
111023
111023
111043
111059
111062
111074
111080
111109
111113
111123
111134
111138
111153
111164
111168
111180
111186
111193
111194
111202
111208
111219
111226
111233
111240
111252
111259
111264
111271
111303
111308
111311
111328
111332
111333
111334
111350
111356
111371
111398
111399
111420
111427
111447
111448
111453
111459
111467
111475
111497
111511
111513
111515
111519
111527
111546
111554
111558
111561
111566
111574
111576
111585
111604
111626
111628
111629
111645
111649
111651
111656
111660
111667
111669
111669
111681
111690
111691
111708
111712
111747
111755
111760
111770
111782
111793
111796
111808
111813
111824
111856
111862
111890
111920
111936
111940
111966
111970
111984
111992
111994
112008
112012
112030
112034
112038
112044
112046
112051
112059
112078
112085
112087
112110
112115
112125
112153
112165
112166
112173
112175
112178
112182
112215
112226
112249
112262
112262
112264
112271
112275
112277
112282
112293
112298
112311
112317
112319
112324
112331
112356
112357
112400
112406
112407
112408
112416
112420
112421
112432
112449
112451
112462
112487
112491
112494
112502
112504
112512
112520
112522
112527
112530
112540
112543
112587
112597
112607
112610
112611
112615
112618
112630
112636
112662
112665
112693
112706
112733
112765
112770
112787
112789
112803
112839
112844
112871
112872
112878
112880
112919
112923
112935
112936
112951
112957
112986
112995
113017
113021
113044
113057
113072
113093
113123
113123
113166
113176
113177
113184
113186
113219
113240
113242
113248
113253
113274
113281
113285
113286
113287
113290
113295
113317
113319
113342
113369
113380
113384
113398
113409
113412
113429
113430
113434
113434
113435
113443
113466
113489
113496
113496
113503
113503
113514
113525
113530
113552
113572
113575
113579
113635
113654
113670
113674
113686
113698
113699
113708
113716
113720
113740
113751
113758
113766
113817
113830
113845
113862
113891
113895
113896
113899
113906
113910
113913
113922
113923
113933
113950
113952
113959
113960
113964
113977
113983
113995
114011
114044
114088
114089
114102
114106
114109
114115
114157
114166
114172
114176
114181
114194
114210
114217
114231
114245
114245
114281
114282
114285
114289
114290
114327
114331
114365
114387
114390
114393
114399
114423
114448
114453
114456
114466
114477
114501
114508
114519
114543
114547
114549
114558
114562
114572
114575
114578
114582
114585
114589
114590
114595
114611
114626
114633
114637
114650
114658
114698
114700
114719
114731
114743
114764
114770
114773
114774
114779
114792
114794
114809
114814
114823
114827
114830
114830
114833
114840
114846
114847
114849
114858
114891
114914
114918
114921
114924
114930
114938
114942
114951
114956
114962
114973
114998
115009
115021
115041
115066
115070
115087
115088
115096
115102
115114
115117
115120
115122
115162
115169
115174
115175
115177
115193
115211
115219
115236
115242
115243
115244
115249
115253
115279
115314
115316
115349
115358
115372
115390
115398
115401
115424
115435
115437
115446
115450
115450
115453
115457
115468
115478
115483
115500
115505
115505
115507
115510
115516
115517
115525
115526
115532
115537
115557
115560
115578
115584
115586
115590
115591
115593
115603
115606
115616
115638
115657
115657
115665
115680
115697
115709
115710
115714
115718
115724
115732
115751
115753
115766
115766
115776
115778
115782
115805
115813
115817
115823
115854
115856
115864
115869
115874
115886
115887
115916
115950
115963
115970
115992
115994
115997
116004
116007
116008
116021
116043
116047
116087
116093
116107
116108
116128
116146
116148
116153
116158
116168
116182
116188
116202
116209
116220
116222
116226
116249
116253
116286
116292
116304
116320
116328
116336
116341
116373
116374
116388
116399
116418
116431
116454
116458
116463
116464
116472
116479
116482
116497
116511
116517
116550
116550
116555
116556
116562
116582
116592
116593
116594
116601
116601
116609
116611
116625
116647
116704
116722
116727
116733
116751
116766
116775
116779
116795
116813
116814
116820
116821
116822
116822
116830
116842
116847
116858
116859
116869
116871
116884
116892
116899
116909
116914
116919
116924
116925
116928
116931
116950
116962
116992
116993
117001
117015
117024
117027
117039
117045
117050
117061
117062
117073
117084
117086
117106
117112
117126
117127
117127
117146
117163
117166
117173
117186
117187
117190
117219
117221
117243
117247
117249
117256
117259
117268
117282
117292
117303
117304
117306
117313
117319
117326
117336
117358
117364
117371
117403
117415
117421
117436
117444
117455
117463
117468
117482
117489
117494
117498
117504
117526
117527
117534
117537
117546
117546
117555
117570
117595
117609
117617
117618
117631
117679
117692
117701
117730
117734
117738
117738
117763
117770
117771
117801
117822
117836
117846
117869
117882
117887
117896
117914
117922
117953
117957
117966
117971
117983
117983
117988
117994
118007
118011
118026
118032
118036
118057
118057
118058
118061
118067
118073
118083
118090
118101
118113
118125
118129
118133
118151
118153
118178
118182
118205
118229
118231
118231
118232
118253
118283
118291
118298
118308
118310
118320
118334
118354
118366
118388
118396
118397
118400
118435
118442
118444
118479
118511
118523
118537
118543
118549
118597
118614
118638
118643
118646
118650
118657
118668
118678
118680
118681
118683
118697
118704
118705
118743
118745
118763
118766
118775
118786
118797
118798
118817
118819
118826
118826
118831
118840
118852
118854
118861
118869
118869
118876
118884
118904
118912
118912
118917
118922
118929
118931
118937
118937
118945
118957
118969
118970
118970
118973
118987
118990
118996
119012
119016
119021
119027
119029
119051
119053
119073
119124
119139
119151
119171
119175
119177
119179
119207
119225
119239
119244
119257
119275
119276
119290
119313
119317
119318
119323
119330
119332
119335
119341
119351
119372
119374
119378
119393
119394
119399
119401
119415
119422
119432
119433
119440
119449
119455
119474
119477
119481
119492
119500
119548
119555
119562
119619
119630
119637
119649
119672
119677
119678
119682
119702
119723
119746
119750
119772
119776
119779
119781
119789
119796
119796
119813
119825
119844
119851
119859
119860
119880
119888
119903
119905
119906
119919
119950
119969
119983
119985
119990
119992
119994
120000
120015
120025
120025
120049
120050
120058
120071
120082
120083
120099
120125
120136
120142
120142
120151
120170
120176
120182
120183
120185
120214
120218
120227
120227
120249
120258
120262
120266
120285
120285
120288
120307
120308
120323
120325
120351
120353
120450
120464
120468
120472
120480
120481
120496
120504
120505
120509
120511
120523
120560
120577
120627
120661
120666
120679
120684
120696
120700
120704
120704
120714
120730
120749
120751
120774
120776
120795
120800
120800
120805
120808
120813
120822
120826
120838
120842
120853
120854
120857
120859
120863
120869
120889
120901
120907
120915
120916
120926
120928
120936
120950
120990
120994
121001
121022
121035
121064
121070
121076
121078
121096
121109
121109
121112
121132
121134
121152
121182
121185
121197
121207
121226
121226
121228
121232
121241
121244
121255
121264
121265
121268
121278
121282
121331
121331
121337
121344
121347
121355
121386
121390
121398
121405
121410
121418
121422
121426
121429
121437
121455
121458
121472
121485
121501
121531
121535
121539
121563
121588
121593
121611
121618
121653
121655
121661
121672
121680
121683
121690
121695
121719
121727
121727
121741
121758
121767
121769
121773
121781
121794
121796
121803
121815
121817
121838
121880
121887
121891
121899
121911
121913
121928
121967
121973
121986
121987
121998
122007
122008
122020
122030
122036
122046
122057
122060
122062
122075
122079
122080
122093
122095
122131
122133
122153
122169
122173
122176
122190
122190
122198
122198
122199
122245
122249
122258
122259
122262
122273
122274
122277
122301
122306
122350
122365
122365
122375
122376
122378
122387
122404
122414
122430
122432
122439
122440
122441
122454
122456
122463
122473
122491
122502
122524
122537
122540
122540
122541
122541
122546
122548
122553
122554
122554
122562
122563
122585
122604
122609
122610
122619
122625
122630
122635
122644
122669
122678
122680
122697
122697
122704
122705
122715
122719
122726
122729
122731
122733
122740
122754
122758
122776
122779
122792
122803
122810
122815
122841
122857
122857
122866
122895
122907
122920
122940
122954
122954
122954
122954
122967
122984
123006
123009
123026
123026
123034
123034
123053
123058
123062
123072
123087
123100
123108
123111
123151
123154
123154
123159
123173
123174
123185
123188
123201
123202
123205
123227
123256
123257
123258
123277
123281
123295
123302
123318
123328
123334
123337
123344
123351
123371
123373
123380
123381
123383
123394
123396
123422
123431
123432
123436
123444
123447
123463
123474
123474
123491
123494
123500
123501
123506
123506
123509
123525
123538
123541
123542
123542
123555
123569
123599
123620
123632
123653
123661
123662
123662
123676
123691
123708
123716
123736
123740
123745
123775
123780
123804
123814
123823
123842
123854
123859
123865
123869
123886
123887
123895
123918
123928
123930
123947
123960
123967
123993
124014
124017
124036
124042
124053
124055
124075
124092
124095
124096
124097
124115
124120
124124
124137
124139
124139
124147
124183
124183
124186
124188
124188
124190
124191
124210
124223
124254
124256
124261
124272
124288
124299
124313
124314
124342
124345
124367
124396
124415
124437
124453
124471
124492
124495
124504
124504
124513
124513
124514
124547
124551
124556
124556
124569
124570
124591
124597
124618
124638
124639
124645
124650
124663
124663
124696
124703
124715
124728
124750
124760
124761
124782
124783
124788
124789
124805
124807
124813
124834
124878
124892
124913
124926
124928
124944
124948
124962
124987
124989
125005
125030
125032
125036
125048
125050
125051
125059
125072
125086
125086
125091
125094
125096
125116
125147
125163
125165
125169
125188
125214
125239
125239
125241
125242
125247
125258
125271
125271
125275
125324
125331
125332
125339
125350
125356
125366
125378
125395
125396
125410
125412
125435
125436
125436
125453
125454
125479
125492
125515
125526
125537
125541
125550
125551
125556
125582
125586
125597
125606
125629
125697
125702
125746
125754
125759
125791
125809
125825
125829
125833
125837
125838
125848
125867
125870
125883
125885
125887
125891
125893
125896
125898
125904
125921
125940
125956
125960
125968
125968
125974
126000
126010
126014
126027
126032
126048
126051
126055
126056
126082
126096
126099
126100
126117
126126
126132
126141
126145
126171
126175
126175
126176
126177
126180
126205
126213
126217
126219
126226
126254
126260
126276
126282
126328
126334
126337
126339
126340
126359
126378
126417
126424
126439
126440
126441
126450
126452
126454
126456
126465
126474
126478
126504
126508
126516
126518
126523
126525
126535
126535
126543
126553
126554
126562
126572
126578
126582
126584
126588
126641
126650
126655
126666
126678
126684
126688
126701
126707
126710
126721
126726
126737
126739
126745
126757
126758
126768
126777
126780
126795
126805
126807
126810
126824
126829
126835
126838
126840
126859
126861
126880
126894
126894
126914
126916
126933
126934
126940
126941
126968
126969
126969
126974
126997
127014
127016
127026
127033
127040
127042
127046
127057
127098
127103
127127
127133
127159
127160
127164
127164
127209
127214
127239
127242
127244
127260
127275
127293
127299
127300
127302
127306
127331
127339
127351
127370
127378
127381
127385
127387
127389
127415
127420
127422
127422
127434
127464
127467
127505
127510
127516
127519
127522
127524
127525
127544
127557
127558
127567
127572
127590
127610
127615
127622
127633
127636
127638
127640
127642
127643
127652
127654
127657
127665
127668
127692
127715
127728
127733
127752
127754
127762
127763
127786
127792
127792
127827
127829
127835
127839
127840
127863
127867
127869
127871
127888
127897
127898
127901
127905
127962
127965
127986
127987
127995
127998
128017
128067
128071
128073
128092
128118
128132
128153
128153
128157
128162
128189
128208
128230
128230
128254
128257
128258
128281
128299
128310
128321
128325
128337
128345
128351
128363
128377
128397
128401
128410
128428
128447
128455
128468
128489
128505
128522
128529
128534
128547
128570
128576
128579
128592
128602
128607
128611
128612
128640
128650
128651
128729
128729
128740
128740
128741
128780
128795
128796
128816
128827
128860
128869
128877
128900
128905
128907
128907
128913
128915
128918
128923
128936
128943
128943
128974
128977
128981
128985
128995
129017
129029
129033
129035
129063
129085
129106
129117
129124
129134
129139
129139
129155
129171
129176
129192
129224
129233
129237
129239
129262
129288
129300
129310
129317
129333
129343
129344
129345
129347
129348
129360
129376
129380
129384
129393
129408
129416
129420
129424
129446
129474
129475
129483
129509
129510
129540
129544
129554
129563
129565
129571
129579
129583
129585
129585
129611
129634
129637
129646
129652
129654
129655
129672
129674
129675
129681
129727
129729
129729
129735
129740
129745
129749
129754
129758
129766
129779
129781
129784
129789
129793
129818
129874
129907
129922
129926
129951
129967
129974
129977
129986
130061
130067
130077
130088
130092
130113
130120
130123
130130
130133
130136
130156
130157
130168
130173
130175
130181
130183
130212
130219
130228
130293
130305
130325
130329
130335
130341
130342
130356
130367
130386
130389
130404
130410
130413
130418
130436
130441
130446
130477
130477
130484
130487
130490
130497
130518
130527
130536
130541
130571
130575
130587
130588
130590
130592
130605
130615
130615
130617
130623
130633
130639
130640
130647
130672
130678
130680
130681
130691
130704
130710
130714
130716
130721
130728
130738
130740
130768
130775
130786
130787
130806
130806
130814
130836
130852
130860
130888
130893
130894
130905
130917
130918
130923
130923
130924
130933
130953
130966
130977
130977
130985
130999
131001
131047
131054
131065
131070
131072
131079
131125
131147
131156
131157
131169
131185
131194
131198
131199
131216
131221
131224
131231
131247
131249
131254
131256
131260
131275
131302
131321
131324
131326
131329
131332
131334
131346
131351
131352
131368
131382
131402
131403
131403
131404
131421
131427
131432
131438
131443
131448
131448
131454
131457
131469
131469
131469
131470
131474
131503
131512
131513
131516
131518
131533
131542
131545
131555
131572
131578
131583
131591
131599
131608
131612
131622
131626
131635
131637
131673
131673
131685
131715
131716
131745
131756
131758
131763
131786
131800
131801
131802
131804
131806
131857
131867
131869
131869
131890
131914
131917
131928
131933
131947
131954
131956
131964
131964
131965
131980
131993
132001
132013
132016
132031
132044
132045
132053
132091
132105
132108
132112
132126
132159
132163
132166
132185
132202
132212
132221
132222
132235
132247
132255
132276
132279
132287
132320
132322
132323
132357
132371
132386
132389
132399
132413
132415
132426
132445
132465
132481
132481
132498
132507
132511
132529
132531
132549
132553
132556
132587
132587
132590
132605
132606
132623
132637
132640
132659
132659
132659
132677
132678
132686
132692
132696
132707
132721
132722
132728
132754
132758
132769
132811
132814
132817
132821
132831
132852
132857
132863
132864
132871
132910
132918
132919
132925
132925
132928
132959
132981
132986
133014
133022
133024
133035
133051
133053
133066
133067
133069
133069
133081
133083
133097
133103
133111
133121
133133
133145
133147
133155
133176
133192
133206
133210
133211
133228
133256
133257
133262
133276
133280
133285
133294
133305
133312
133319
133329
133335
133337
133406
133433
133441
133448
133464
133469
133487
133489
133501
133504
133512
133517
133530
133547
133547
133553
133576
133608
133610
133610
133621
133652
133661
133661
133664
133665
133666
133679
133692
133710
133718
133730
133735
133747
133758
133769
133769
133790
133798
133805
133813
133828
133835
133851
133859
133872
133892
133910
133928
133935
133958
133958
133960
133967
133973
133983
133998
134002
134022
134023
134026
134029
134029
134033
134045
134048
134060
134060
134103
134117
134148
134151
134152
134156
134172
134200
134207
134252
134267
134299
134303
134314
134321
134337
134347
134362
134389
134390
134398
134400
134405
134410
134430
134442
134444
134448
134451
134457
134457
134458
134469
134484
134492
134492
134493
134500
134506
134516
134519
134555
134555
134599
134612
134629
134632
134638
134651
134669
134671
134678
134680
134685
134690
134692
134705
134707
134713
134715
134725
134741
134745
134745
134784
134810
134815
134817
134818
134829
134842
134847
134848
134853
134854
134868
134896
134898
134917
134921
134930
134934
134942
134948
134985
135000
135016
135032
135043
135043
135060
135072
135076
135082
135092
135103
135110
135137
135142
135144
135152
135154
135175
135198
135199
135203
135217
135219
135227
135227
135247
135277
135283
135283
135291
135300
135317
135323
135324
135346
135353
135357
135382
135401
135412
135423
135428
135431
135459
135459
135469
135478
135484
135488
135514
135519
135523
135528
135535
135539
135546
135561
135574
135594
135597
135603
135663
135664
135675
135690
135691
135699
135699
135707
135736
135737
135739
135753
135755
135758
135766
135766
135774
135783
135798
135831
135835
135838
135852
135859
135865
135867
135878
135902
135907
135914
135930
135941
135946
135953
135962
135976
135980
135987
135997
136009
136041
136059
136063
136089
136096
136097
136100
136102
136108
136112
136120
136131
136149
136150
136151
136159
136161
136189
136215
136233
136247
136251
136271
136289
136290
136306
136313
136318
136318
136318
136320
136330
136360
136380
136390
136393
136416
136421
136453
136454
136467
136468
136469
136469
136480
136484
136497
136505
136514
136515
136520
136531
136533
136539
136558
136558
136583
136598
136609
136631
136635
136649
136664
136665
136666
136687
136690
136712
136727
136729
136751
136756
136757
136766
136775
136775
136781
136794
136810
136850
136853
136857
136865
136870
136871
136872
136876
136884
136886
136888
136895
136936
136961
136966
136978
136980
136982
137004
137014
137014
137027
137037
137071
137072
137092
137097
137113
137114
137121
137139
137144
137163
137173
137192
137205
137217
137257
137269
137286
137287
137292
137302
137325
137344
137382
137392
137397
137402
137408
137409
137427
137436
137446
137457
137462
137478
137488
137521
137536
137545
137548
137554
137556
137559
137568
137587
137592
137594
137603
137606
137606
137612
137613
137614
137636
137647
137647
137655
137666
137667
137681
137683
137688
137711
137713
137722
137726
137731
137736
137741
137769
137777
137811
137815
137829
137836
137840
137854
137866
137881
137894
137896
137917
137926
137932
137949
137954
137957
137965
137969
137974
137974
137989
137990
137995
138003
138013
138020
138022
138023
138075
138077
138082
138087
138102
138111
138118
138141
138141
138149
138153
138159
138166
138167
138185
138194
138195
138200
138224
138232
138242
138245
138264
138292
138294
138295
138301
138307
138307
138312
138324
138332
138335
138338
138346
138347
138349
138353
138372
138376
138378
138382
138398
138407
138409
138411
138414
138415
138434
138436
138461
138467
138470
138474
138482
138485
138485
138489
138494
138498
138508
138508
138513
138527
138531
138537
138553
138560
138563
138565
138573
138576
138593
138621
138622
138623
138635
138645
138645
138655
138688
138696
138703
138750
138756
138768
138774
138779
138781
138782
138791
138800
138802
138813
138827
138835
138839
138867
138876
138882
138886
138887
138897
138904
138930
138932
138939
138947
138951
138961
138974
138983
139000
139045
139064
139078
139089
139123
139134
139135
139144
139144
139144
139172
139178
139178
139198
139201
139210
139237
139245
139247
139252
139263
139268
139271
139279
139300
139335
139360
139366
139385
139385
139410
139414
139446
139452
139464
139493
139499
139504
139509
139512
139516
139529
139535
139555
139562
139569
139571
139578
139580
139582
139592
139596
139600
139600
139601
139602
139603
139609
139611
139622
139641
139661
139679
139683
139683
139683
139693
139720
139724
139767
139771
139782
139787
139792
139794
139798
139800
139815
139819
139870
139874
139888
139892
139897
139913
139922
139937
139949
139969
139969
139982
139992
139997
140002
140003
140007
140011
140014
140022
140023
140026
140029
140030
140050
140055
140060
140069
140086
140087
140100
140105
140107
140111
140124
140135
140146
140185
140197
140206
140214
140218
140218
140233
140251
140254
140278
140279
140286
140297
140339
140345
140361
140362
140365
140378
140383
140384
140391
140404
140405
140406
140433
140433
140445
140448
140452
140459
140497
140556
140562
140565
140570
140609
140616
140628
140630
140646
140652
140655
140659
140671
140677
140681
140685
140691
140695
140698
140732
140739
140756
140764
140764
140768
140788
140798
140804
140820
140822
140825
140832
140837
140846
140850
140850
140851
140857
140869
140892
140924
140932
140955
140973
140976
140987
140990
140990
140991
141003
141021
141022
141024
141038
141076
141086
141097
141107
141140
141144
141164
141176
141186
141195
141219
141221
141226
141245
141245
141263
141263
141269
141271
141272
141294
141295
141315
141317
141326
141366
141371
141372
141374
141390
141391
141399
141402
141420
141437
141445
141446
141450
141472
141479
141491
141500
141504
141515
141551
141553
141557
141564
141597
141599
141605
141615
141617
141631
141640
141643
141646
141659
141688
141694
141704
141719
141720
141738
141757
141771
141772
141779
141783
141815
141821
141822
141826
141829
141830
141858
141871
141874
141890
141902
141911
141917
141934
141954
141963
141980
141984
141992
142004
142023
142024
142025
142038
142049
142052
142052
142089
142129
142138
142138
142148
142151
142158
142169
142180
142182
142189
142194
142196
142221
142234
142235
142235
142244
142246
142253
142267
142278
142286
142287
142315
142319
142327
142329
142338
142346
142353
142356
142365
142375
142390
142401
142404
142406
142410
142420
142443
142449
142463
142464
142490
142494
142503
142512
142517
142520
142526
142535
142537
142541
142546
142589
142592
142593
142618
142638
142641
142650
142654
142700
142720
142726
142731
142739
142752
142754
142758
142763
142770
142783
142800
142807
142808
142813
142817
142848
142849
142860
142861
142862
142878
142890
142893
142893
142901
142946
142949
142964
142983
142993
142998
143002
143005
143011
143026
143032
143032
143063
143070
143088
143104
143104
143149
143176
143178
143193
143210
143212
143216
143219
143227
143251
143252
143258
143273
143287
143290
143305
143360
143389
143409
143419
143420
143422
143424
143432
143444
143445
143454
143456
143460
143481
143493
143494
143503
143506
143506
143512
143520
143522
143546
143550
143558
143559
143568
143602
143612
143633
143649
143666
143678
143680
143688
143689
143697
143700
143705
143744
143755
143756
143765
143775
143813
143835
143856
143871
143910
143915
143925
143926
143933
143934
143940
143946
143946
143953
143969
143999
144046
144053
144068
144087
144088
144088
144092
144097
144108
144112
144128
144134
144141
144151
144153
144171
144192
144207
144214
144217
144245
144255
144266
144291
144298
144305
144307
144313
144315
144319
144319
144321
144342
144345
144377
144380
144408
144418
144427
144462
144483
144483
144484
144486
144487
144487
144487
144492
144501
144505
144518
144547
144551
144560
144560
144562
144630
144631
144672
144677
144683
144684
144694
144699
144707
144708
144714
144724
144732
144737
144746
144749
144787
144793
144804
144831
144862
144868
144869
144881
144889
144890
144907
144911
144914
144928
144929
144931
144944
144946
144947
144952
144954
145000
145025
145026
145036
145037
145051
145073
145080
145083
145090
145099
145129
145137
145176
145179
145189
145192
145195
145197
145199
145214
145232
145233
145238
145249
145256
145261
145262
145275
145284
145286
145291
145302
145306
145315
145331
145336
145342
145343
145358
145367
145369
145371
145371
145381
145384
145393
145399
145407
145417
145428
145435
145467
145506
145518
145530
145546
145562
145564
145565
145566
145576
145597
145603
145632
145641
145651
145679
145689
145698
145707
145707
145725
145728
145731
145752
145758
145773
145778
145796
145812
145827
145843
145843
145851
145861
145862
145864
145877
145879
145881
145905
145912
145919
145919
145925
145951
145954
145968
145970
145975
145980
145982
145989
146002
146037
146050
146056
146067
146071
146098
146116
146131
146164
146168
146174
146188
146191
146195
146214
146224
146229
146237
146239
146244
146261
146266
146271
146278
146282
146290
146295
146312
146318
146319
146319
146323
146324
146328
146335
146349
146359
146359
146366
146379
146380
146383
146391
146448
146452
146462
146486
146504
146512
146513
146529
146540
146544
146554
146566
146573
146584
146608
146631
146641
146645
146662
146679
146689
146701
146711
146721
146723
146724
146728
146751
146770
146782
146785
146788
146801
146805
146807
146813
146829
146830
146846
146847
146858
146858
146868
146869
146873
146883
146885
146889
146908
146924
146932
146938
146942
146950
146958
146984
146987
146994
146995
146996
147006
147032
147037
147092
147097
147097
147106
147109
147111
147130
147141
147169
147172
147188
147201
147206
147214
147244
147258
147282
147282
147299
147300
147302
147337
147342
147350
147359
147363
147369
147379
147381
147399
147406
147426
147435
147446
147475
147476
147477
147479
147484
147510
147510
147512
147519
147542
147543
147566
147583
147593
147594
147600
147608
147617
147632
147642
147662
147665
147668
147678
147708
147723
147744
147754
147760
147774
147777
147785
147786
147803
147806
147808
147819
147829
147832
147843
147843
147846
147854
147867
147875
147883
147891
147896
147898
147900
147903
147905
147916
148015
148031
148034
148036
148044
148087
148087
148105
148108
148109
148113
148118
148134
148148
148149
148168
148175
148175
148179
148184
148233
148234
148239
148261
148265
148290
148290
148293
148305
148305
148310
148331
148346
148351
148364
148366
148368
148405
148419
148429
148436
148448
148448
148456
148466
148467
148477
148499
148523
148530
148538
148542
148553
148559
148572
148579
148582
148595
148600
148622
148635
148649
148651
148664
148671
148681
148689
148711
148724
148734
148744
148761
148778
148805
148830
148860
148860
148876
148881
148889
148889
148893
148898
148898
148904
148937
148959
148967
148967
148979
148991
148992
149007
149007
149011
149019
149030
149044
149046
149050
149053
149062
149064
149105
149109
149120
149128
149129
149132
149162
149167
149168
149175
149185
149187
149194
149201
149205
149208
149210
149210
149228
149245
149251
149262
149266
149277
149286
149289
149290
149291
149313
149331
149335
149336
149353
149366
149366
149376
149381
149392
149398
149400
149402
149434
149441
149462
149466
149488
149493
149502
149517
149517
149521
149521
149523
149531
149535
149539
149541
149544
149545
149562
149567
149574
149581
149584
149594
149645
149646
149664
149666
149675
149688
149696
149696
149705
149711
149715
149732
149743
149744
149745
149766
149788
149797
149797
149800
149805
149820
149836
149869
149876
149881
149883
149888
149916
149920
149925
149929
149943
149960
149982
149999
150015
150028
